{"meta": {"format": 3, "version": "7.10.1", "timestamp": "2025-08-25T17:58:49.487565", "branch_coverage": false, "show_contexts": false}, "files": {"src/__init__.py": {"executed_lines": [0], "summary": {"covered_lines": 0, "num_statements": 0, "percent_covered": 100.0, "percent_covered_display": "100", "missing_lines": 0, "excluded_lines": 0}, "missing_lines": [], "excluded_lines": [], "functions": {"": {"executed_lines": [], "summary": {"covered_lines": 0, "num_statements": 0, "percent_covered": 100.0, "percent_covered_display": "100", "missing_lines": 0, "excluded_lines": 0}, "missing_lines": [], "excluded_lines": []}}, "classes": {"": {"executed_lines": [], "summary": {"covered_lines": 0, "num_statements": 0, "percent_covered": 100.0, "percent_covered_display": "100", "missing_lines": 0, "excluded_lines": 0}, "missing_lines": [], "excluded_lines": []}}}, "src/agents/__init__.py": {"executed_lines": [], "summary": {"covered_lines": 0, "num_statements": 3, "percent_covered": 0.0, "percent_covered_display": "0", "missing_lines": 3, "excluded_lines": 0}, "missing_lines": [13, 14, 16], "excluded_lines": [], "functions": {"": {"executed_lines": [], "summary": {"covered_lines": 0, "num_statements": 3, "percent_covered": 0.0, "percent_covered_display": "0", "missing_lines": 3, "excluded_lines": 0}, "missing_lines": [13, 14, 16], "excluded_lines": []}}, "classes": {"": {"executed_lines": [], "summary": {"covered_lines": 0, "num_statements": 3, "percent_covered": 0.0, "percent_covered_display": "0", "missing_lines": 3, "excluded_lines": 0}, "missing_lines": [13, 14, 16], "excluded_lines": []}}}, "src/agents/base_agent.py": {"executed_lines": [], "summary": {"covered_lines": 0, "num_statements": 116, "percent_covered": 0.0, "percent_covered_display": "0", "missing_lines": 116, "excluded_lines": 0}, "missing_lines": [7, 8, 9, 10, 11, 12, 14, 15, 17, 20, 21, 24, 25, 26, 30, 31, 34, 37, 38, 39, 40, 43, 46, 47, 48, 49, 50, 52, 54, 56, 57, 59, 60, 61, 62, 64, 65, 67, 68, 69, 71, 72, 73, 76, 83, 84, 85, 86, 87, 88, 92, 97, 98, 100, 102, 107, 108, 113, 114, 117, 118, 119, 123, 125, 127, 129, 131, 133, 134, 135, 136, 137, 138, 141, 153, 161, 162, 163, 164, 167, 168, 170, 173, 176, 178, 179, 181, 183, 184, 186, 188, 199, 201, 202, 206, 208, 210, 212, 216, 218, 219, 220, 221, 222, 223, 224, 226, 239, 241, 243, 251, 253, 260, 262, 263, 265], "excluded_lines": [], "functions": {"RateLimitHandler.__init__": {"executed_lines": [], "summary": {"covered_lines": 0, "num_statements": 4, "percent_covered": 0.0, "percent_covered_display": "0", "missing_lines": 4, "excluded_lines": 0}, "missing_lines": [47, 48, 49, 50], "excluded_lines": []}, "RateLimitHandler.execute_with_rate_limit": {"executed_lines": [], "summary": {"covered_lines": 0, "num_statements": 36, "percent_covered": 0.0, "percent_covered_display": "0", "missing_lines": 36, "excluded_lines": 0}, "missing_lines": [54, 56, 57, 59, 60, 61, 62, 64, 65, 67, 68, 69, 71, 72, 73, 76, 83, 84, 85, 86, 87, 88, 92, 97, 98, 100, 102, 107, 108, 113, 114, 117, 118, 119, 123, 125], "excluded_lines": []}, "RateLimitHandler._extract_wait_time": {"executed_lines": [], "summary": {"covered_lines": 0, "num_statements": 8, "percent_covered": 0.0, "percent_covered_display": "0", "missing_lines": 8, "excluded_lines": 0}, "missing_lines": [129, 131, 133, 134, 135, 136, 137, 138], "excluded_lines": []}, "BaseAgent.__init__": {"executed_lines": [], "summary": {"covered_lines": 0, "num_statements": 9, "percent_covered": 0.0, "percent_covered_display": "0", "missing_lines": 9, "excluded_lines": 0}, "missing_lines": [161, 162, 163, 164, 167, 168, 170, 173, 176], "excluded_lines": []}, "BaseAgent._create_agent": {"executed_lines": [], "summary": {"covered_lines": 0, "num_statements": 1, "percent_covered": 0.0, "percent_covered_display": "0", "missing_lines": 1, "excluded_lines": 0}, "missing_lines": [181], "excluded_lines": []}, "BaseAgent.get_system_prompt": {"executed_lines": [], "summary": {"covered_lines": 0, "num_statements": 1, "percent_covered": 0.0, "percent_covered_display": "0", "missing_lines": 1, "excluded_lines": 0}, "missing_lines": [186], "excluded_lines": []}, "BaseAgent.run": {"executed_lines": [], "summary": {"covered_lines": 0, "num_statements": 4, "percent_covered": 0.0, "percent_covered_display": "0", "missing_lines": 4, "excluded_lines": 0}, "missing_lines": [199, 201, 202, 206], "excluded_lines": []}, "BaseAgent._run_agent": {"executed_lines": [], "summary": {"covered_lines": 0, "num_statements": 10, "percent_covered": 0.0, "percent_covered_display": "0", "missing_lines": 10, "excluded_lines": 0}, "missing_lines": [210, 212, 216, 218, 219, 220, 221, 222, 223, 224], "excluded_lines": []}, "BaseAgent.run_stream": {"executed_lines": [], "summary": {"covered_lines": 0, "num_statements": 2, "percent_covered": 0.0, "percent_covered_display": "0", "missing_lines": 2, "excluded_lines": 0}, "missing_lines": [239, 241], "excluded_lines": []}, "BaseAgent.add_tool": {"executed_lines": [], "summary": {"covered_lines": 0, "num_statements": 1, "percent_covered": 0.0, "percent_covered_display": "0", "missing_lines": 1, "excluded_lines": 0}, "missing_lines": [251], "excluded_lines": []}, "BaseAgent.add_system_prompt_function": {"executed_lines": [], "summary": {"covered_lines": 0, "num_statements": 1, "percent_covered": 0.0, "percent_covered_display": "0", "missing_lines": 1, "excluded_lines": 0}, "missing_lines": [260], "excluded_lines": []}, "BaseAgent.agent": {"executed_lines": [], "summary": {"covered_lines": 0, "num_statements": 1, "percent_covered": 0.0, "percent_covered_display": "0", "missing_lines": 1, "excluded_lines": 0}, "missing_lines": [265], "excluded_lines": []}, "": {"executed_lines": [], "summary": {"covered_lines": 0, "num_statements": 38, "percent_covered": 0.0, "percent_covered_display": "0", "missing_lines": 38, "excluded_lines": 0}, "missing_lines": [7, 8, 9, 10, 11, 12, 14, 15, 17, 20, 21, 24, 25, 26, 30, 31, 34, 37, 38, 39, 40, 43, 46, 52, 127, 141, 153, 178, 179, 183, 184, 188, 208, 226, 243, 253, 262, 263], "excluded_lines": []}}, "classes": {"ArchonDependencies": {"executed_lines": [], "summary": {"covered_lines": 0, "num_statements": 0, "percent_covered": 100.0, "percent_covered_display": "100", "missing_lines": 0, "excluded_lines": 0}, "missing_lines": [], "excluded_lines": []}, "BaseAgentOutput": {"executed_lines": [], "summary": {"covered_lines": 0, "num_statements": 0, "percent_covered": 100.0, "percent_covered_display": "100", "missing_lines": 0, "excluded_lines": 0}, "missing_lines": [], "excluded_lines": []}, "RateLimitHandler": {"executed_lines": [], "summary": {"covered_lines": 0, "num_statements": 48, "percent_covered": 0.0, "percent_covered_display": "0", "missing_lines": 48, "excluded_lines": 0}, "missing_lines": [47, 48, 49, 50, 54, 56, 57, 59, 60, 61, 62, 64, 65, 67, 68, 69, 71, 72, 73, 76, 83, 84, 85, 86, 87, 88, 92, 97, 98, 100, 102, 107, 108, 113, 114, 117, 118, 119, 123, 125, 129, 131, 133, 134, 135, 136, 137, 138], "excluded_lines": []}, "BaseAgent": {"executed_lines": [], "summary": {"covered_lines": 0, "num_statements": 30, "percent_covered": 0.0, "percent_covered_display": "0", "missing_lines": 30, "excluded_lines": 0}, "missing_lines": [161, 162, 163, 164, 167, 168, 170, 173, 176, 181, 186, 199, 201, 202, 206, 210, 212, 216, 218, 219, 220, 221, 222, 223, 224, 239, 241, 251, 260, 265], "excluded_lines": []}, "": {"executed_lines": [], "summary": {"covered_lines": 0, "num_statements": 38, "percent_covered": 0.0, "percent_covered_display": "0", "missing_lines": 38, "excluded_lines": 0}, "missing_lines": [7, 8, 9, 10, 11, 12, 14, 15, 17, 20, 21, 24, 25, 26, 30, 31, 34, 37, 38, 39, 40, 43, 46, 52, 127, 141, 153, 178, 179, 183, 184, 188, 208, 226, 243, 253, 262, 263], "excluded_lines": []}}}, "src/agents/document_agent.py": {"executed_lines": [], "summary": {"covered_lines": 0, "num_statements": 298, "percent_covered": 0.0, "percent_covered_display": "0", "missing_lines": 298, "excluded_lines": 0}, "missing_lines": [9, 10, 11, 12, 13, 14, 15, 17, 18, 20, 21, 23, 26, 27, 30, 31, 32, 35, 38, 39, 40, 43, 44, 45, 46, 47, 52, 64, 66, 67, 69, 73, 76, 131, 132, 133, 142, 143, 145, 147, 148, 150, 151, 158, 159, 161, 162, 163, 165, 166, 167, 168, 169, 171, 173, 174, 175, 177, 178, 180, 181, 182, 189, 190, 192, 193, 197, 198, 199, 201, 202, 205, 206, 207, 208, 209, 212, 213, 214, 215, 217, 219, 221, 223, 224, 225, 227, 228, 235, 237, 238, 244, 247, 250, 252, 253, 262, 263, 266, 267, 272, 274, 277, 278, 283, 285, 286, 287, 289, 290, 298, 300, 301, 306, 307, 308, 310, 311, 312, 314, 315, 318, 319, 321, 322, 323, 324, 325, 327, 328, 330, 331, 332, 333, 334, 337, 340, 341, 342, 343, 346, 354, 355, 356, 358, 360, 361, 362, 364, 365, 372, 374, 407, 415, 445, 448, 458, 462, 464, 465, 467, 469, 470, 471, 473, 474, 481, 483, 484, 486, 487, 488, 489, 491, 497, 498, 500, 501, 504, 505, 506, 507, 508, 509, 510, 511, 512, 513, 514, 515, 516, 517, 519, 527, 528, 529, 530, 532, 533, 534, 536, 537, 538, 539, 542, 570, 573, 583, 587, 589, 590, 592, 594, 595, 596, 598, 599, 606, 608, 638, 639, 649, 651, 652, 654, 656, 657, 658, 660, 662, 664, 666, 670, 677, 681, 684, 686, 688, 689, 692, 693, 698, 703, 708, 709, 714, 722, 723, 724, 727, 728, 729, 734, 735, 742, 743, 748, 749, 752, 753, 757, 758, 759, 761, 762, 766, 767, 769, 770, 772, 773, 774, 777, 779, 780, 782, 783, 785, 786, 790, 791, 793, 795, 797, 798, 802, 806, 807, 808, 810, 831, 838, 839, 840, 841, 842, 843, 845], "excluded_lines": [], "functions": {"DocumentAgent.__init__": {"executed_lines": [], "summary": {"covered_lines": 0, "num_statements": 3, "percent_covered": 0.0, "percent_covered_display": "0", "missing_lines": 3, "excluded_lines": 0}, "missing_lines": [66, 67, 69], "excluded_lines": []}, "DocumentAgent._create_agent": {"executed_lines": [], "summary": {"covered_lines": 0, "num_statements": 18, "percent_covered": 0.0, "percent_covered_display": "0", "missing_lines": 18, "excluded_lines": 0}, "missing_lines": [76, 131, 132, 142, 143, 177, 178, 227, 228, 289, 290, 364, 365, 473, 474, 598, 599, 660], "excluded_lines": []}, "DocumentAgent._create_agent.add_project_context": {"executed_lines": [], "summary": {"covered_lines": 0, "num_statements": 1, "percent_covered": 0.0, "percent_covered_display": "0", "missing_lines": 1, "excluded_lines": 0}, "missing_lines": [133], "excluded_lines": []}, "DocumentAgent._create_agent.list_documents": {"executed_lines": [], "summary": {"covered_lines": 0, "num_statements": 19, "percent_covered": 0.0, "percent_covered_display": "0", "missing_lines": 19, "excluded_lines": 0}, "missing_lines": [145, 147, 148, 150, 151, 158, 159, 161, 162, 163, 165, 166, 167, 168, 169, 171, 173, 174, 175], "excluded_lines": []}, "DocumentAgent._create_agent.get_document": {"executed_lines": [], "summary": {"covered_lines": 0, "num_statements": 27, "percent_covered": 0.0, "percent_covered_display": "0", "missing_lines": 27, "excluded_lines": 0}, "missing_lines": [180, 181, 182, 189, 190, 192, 193, 197, 198, 199, 201, 202, 205, 206, 207, 208, 209, 212, 213, 214, 215, 217, 219, 221, 223, 224, 225], "excluded_lines": []}, "DocumentAgent._create_agent.create_document": {"executed_lines": [], "summary": {"covered_lines": 0, "num_statements": 20, "percent_covered": 0.0, "percent_covered_display": "0", "missing_lines": 20, "excluded_lines": 0}, "missing_lines": [235, 237, 238, 244, 247, 250, 252, 253, 262, 263, 266, 267, 272, 274, 277, 278, 283, 285, 286, 287], "excluded_lines": []}, "DocumentAgent._create_agent.update_document": {"executed_lines": [], "summary": {"covered_lines": 0, "num_statements": 38, "percent_covered": 0.0, "percent_covered_display": "0", "missing_lines": 38, "excluded_lines": 0}, "missing_lines": [298, 300, 301, 306, 307, 308, 310, 311, 312, 314, 315, 318, 319, 321, 322, 323, 324, 325, 327, 328, 330, 331, 332, 333, 334, 337, 340, 341, 342, 343, 346, 354, 355, 356, 358, 360, 361, 362], "excluded_lines": []}, "DocumentAgent._create_agent.create_feature_plan": {"executed_lines": [], "summary": {"covered_lines": 0, "num_statements": 14, "percent_covered": 0.0, "percent_covered_display": "0", "missing_lines": 14, "excluded_lines": 0}, "missing_lines": [372, 374, 407, 415, 445, 448, 458, 462, 464, 465, 467, 469, 470, 471], "excluded_lines": []}, "DocumentAgent._create_agent.create_erd": {"executed_lines": [], "summary": {"covered_lines": 0, "num_statements": 49, "percent_covered": 0.0, "percent_covered_display": "0", "missing_lines": 49, "excluded_lines": 0}, "missing_lines": [481, 483, 484, 486, 487, 488, 489, 491, 497, 498, 500, 501, 504, 505, 506, 507, 508, 509, 510, 511, 512, 513, 514, 515, 516, 517, 519, 527, 528, 529, 530, 532, 533, 534, 536, 537, 538, 539, 542, 570, 573, 583, 587, 589, 590, 592, 594, 595, 596], "excluded_lines": []}, "DocumentAgent._create_agent.request_approval": {"executed_lines": [], "summary": {"covered_lines": 0, "num_statements": 11, "percent_covered": 0.0, "percent_covered_display": "0", "missing_lines": 11, "excluded_lines": 0}, "missing_lines": [606, 608, 638, 639, 649, 651, 652, 654, 656, 657, 658], "excluded_lines": []}, "DocumentAgent._generate_block_id": {"executed_lines": [], "summary": {"covered_lines": 0, "num_statements": 1, "percent_covered": 0.0, "percent_covered_display": "0", "missing_lines": 1, "excluded_lines": 0}, "missing_lines": [664], "excluded_lines": []}, "DocumentAgent._create_block": {"executed_lines": [], "summary": {"covered_lines": 0, "num_statements": 1, "percent_covered": 0.0, "percent_covered_display": "0", "missing_lines": 1, "excluded_lines": 0}, "missing_lines": [670], "excluded_lines": []}, "DocumentAgent._convert_to_blocks": {"executed_lines": [], "summary": {"covered_lines": 0, "num_statements": 48, "percent_covered": 0.0, "percent_covered_display": "0", "missing_lines": 48, "excluded_lines": 0}, "missing_lines": [681, 684, 686, 688, 689, 692, 693, 698, 703, 708, 709, 714, 722, 723, 724, 727, 728, 729, 734, 735, 742, 743, 748, 749, 752, 753, 757, 758, 759, 761, 762, 766, 767, 769, 770, 772, 773, 774, 777, 779, 780, 782, 783, 785, 786, 790, 791, 793], "excluded_lines": []}, "DocumentAgent.get_system_prompt": {"executed_lines": [], "summary": {"covered_lines": 0, "num_statements": 6, "percent_covered": 0.0, "percent_covered_display": "0", "missing_lines": 6, "excluded_lines": 0}, "missing_lines": [797, 798, 802, 806, 807, 808], "excluded_lines": []}, "DocumentAgent.run_conversation": {"executed_lines": [], "summary": {"covered_lines": 0, "num_statements": 8, "percent_covered": 0.0, "percent_covered_display": "0", "missing_lines": 8, "excluded_lines": 0}, "missing_lines": [831, 838, 839, 840, 841, 842, 843, 845], "excluded_lines": []}, "": {"executed_lines": [], "summary": {"covered_lines": 0, "num_statements": 34, "percent_covered": 0.0, "percent_covered_display": "0", "missing_lines": 34, "excluded_lines": 0}, "missing_lines": [9, 10, 11, 12, 13, 14, 15, 17, 18, 20, 21, 23, 26, 27, 30, 31, 32, 35, 38, 39, 40, 43, 44, 45, 46, 47, 52, 64, 73, 662, 666, 677, 795, 810], "excluded_lines": []}}, "classes": {"DocumentDependencies": {"executed_lines": [], "summary": {"covered_lines": 0, "num_statements": 0, "percent_covered": 100.0, "percent_covered_display": "100", "missing_lines": 0, "excluded_lines": 0}, "missing_lines": [], "excluded_lines": []}, "DocumentOperation": {"executed_lines": [], "summary": {"covered_lines": 0, "num_statements": 0, "percent_covered": 100.0, "percent_covered_display": "100", "missing_lines": 0, "excluded_lines": 0}, "missing_lines": [], "excluded_lines": []}, "DocumentAgent": {"executed_lines": [], "summary": {"covered_lines": 0, "num_statements": 264, "percent_covered": 0.0, "percent_covered_display": "0", "missing_lines": 264, "excluded_lines": 0}, "missing_lines": [66, 67, 69, 76, 131, 132, 133, 142, 143, 145, 147, 148, 150, 151, 158, 159, 161, 162, 163, 165, 166, 167, 168, 169, 171, 173, 174, 175, 177, 178, 180, 181, 182, 189, 190, 192, 193, 197, 198, 199, 201, 202, 205, 206, 207, 208, 209, 212, 213, 214, 215, 217, 219, 221, 223, 224, 225, 227, 228, 235, 237, 238, 244, 247, 250, 252, 253, 262, 263, 266, 267, 272, 274, 277, 278, 283, 285, 286, 287, 289, 290, 298, 300, 301, 306, 307, 308, 310, 311, 312, 314, 315, 318, 319, 321, 322, 323, 324, 325, 327, 328, 330, 331, 332, 333, 334, 337, 340, 341, 342, 343, 346, 354, 355, 356, 358, 360, 361, 362, 364, 365, 372, 374, 407, 415, 445, 448, 458, 462, 464, 465, 467, 469, 470, 471, 473, 474, 481, 483, 484, 486, 487, 488, 489, 491, 497, 498, 500, 501, 504, 505, 506, 507, 508, 509, 510, 511, 512, 513, 514, 515, 516, 517, 519, 527, 528, 529, 530, 532, 533, 534, 536, 537, 538, 539, 542, 570, 573, 583, 587, 589, 590, 592, 594, 595, 596, 598, 599, 606, 608, 638, 639, 649, 651, 652, 654, 656, 657, 658, 660, 664, 670, 681, 684, 686, 688, 689, 692, 693, 698, 703, 708, 709, 714, 722, 723, 724, 727, 728, 729, 734, 735, 742, 743, 748, 749, 752, 753, 757, 758, 759, 761, 762, 766, 767, 769, 770, 772, 773, 774, 777, 779, 780, 782, 783, 785, 786, 790, 791, 793, 797, 798, 802, 806, 807, 808, 831, 838, 839, 840, 841, 842, 843, 845], "excluded_lines": []}, "": {"executed_lines": [], "summary": {"covered_lines": 0, "num_statements": 34, "percent_covered": 0.0, "percent_covered_display": "0", "missing_lines": 34, "excluded_lines": 0}, "missing_lines": [9, 10, 11, 12, 13, 14, 15, 17, 18, 20, 21, 23, 26, 27, 30, 31, 32, 35, 38, 39, 40, 43, 44, 45, 46, 47, 52, 64, 73, 662, 666, 677, 795, 810], "excluded_lines": []}}}, "src/agents/mcp_client.py": {"executed_lines": [], "summary": {"covered_lines": 0, "num_statements": 65, "percent_covered": 0.0, "percent_covered_display": "0", "missing_lines": 65, "excluded_lines": 0}, "missing_lines": [9, 10, 11, 13, 15, 18, 21, 28, 29, 32, 33, 35, 36, 38, 40, 41, 42, 44, 46, 47, 49, 51, 53, 55, 57, 59, 61, 72, 74, 77, 83, 84, 86, 87, 88, 90, 92, 93, 94, 95, 96, 97, 101, 103, 106, 108, 110, 111, 113, 117, 120, 122, 124, 125, 127, 129, 132, 134, 136, 137, 141, 144, 153, 154, 156], "excluded_lines": [], "functions": {"MCPClient.__init__": {"executed_lines": [], "summary": {"covered_lines": 0, "num_statements": 13, "percent_covered": 0.0, "percent_covered_display": "0", "missing_lines": 13, "excluded_lines": 0}, "missing_lines": [28, 29, 32, 33, 35, 36, 38, 40, 41, 42, 44, 46, 47], "excluded_lines": []}, "MCPClient.__aenter__": {"executed_lines": [], "summary": {"covered_lines": 0, "num_statements": 1, "percent_covered": 0.0, "percent_covered_display": "0", "missing_lines": 1, "excluded_lines": 0}, "missing_lines": [51], "excluded_lines": []}, "MCPClient.__aexit__": {"executed_lines": [], "summary": {"covered_lines": 0, "num_statements": 1, "percent_covered": 0.0, "percent_covered_display": "0", "missing_lines": 1, "excluded_lines": 0}, "missing_lines": [55], "excluded_lines": []}, "MCPClient.close": {"executed_lines": [], "summary": {"covered_lines": 0, "num_statements": 1, "percent_covered": 0.0, "percent_covered_display": "0", "missing_lines": 1, "excluded_lines": 0}, "missing_lines": [59], "excluded_lines": []}, "MCPClient.call_tool": {"executed_lines": [], "summary": {"covered_lines": 0, "num_statements": 15, "percent_covered": 0.0, "percent_covered_display": "0", "missing_lines": 15, "excluded_lines": 0}, "missing_lines": [72, 74, 77, 83, 84, 86, 87, 88, 90, 92, 93, 94, 95, 96, 97], "excluded_lines": []}, "MCPClient.perform_rag_query": {"executed_lines": [], "summary": {"covered_lines": 0, "num_statements": 2, "percent_covered": 0.0, "percent_covered_display": "0", "missing_lines": 2, "excluded_lines": 0}, "missing_lines": [103, 106], "excluded_lines": []}, "MCPClient.get_available_sources": {"executed_lines": [], "summary": {"covered_lines": 0, "num_statements": 2, "percent_covered": 0.0, "percent_covered_display": "0", "missing_lines": 2, "excluded_lines": 0}, "missing_lines": [110, 111], "excluded_lines": []}, "MCPClient.search_code_examples": {"executed_lines": [], "summary": {"covered_lines": 0, "num_statements": 2, "percent_covered": 0.0, "percent_covered_display": "0", "missing_lines": 2, "excluded_lines": 0}, "missing_lines": [117, 120], "excluded_lines": []}, "MCPClient.manage_project": {"executed_lines": [], "summary": {"covered_lines": 0, "num_statements": 2, "percent_covered": 0.0, "percent_covered_display": "0", "missing_lines": 2, "excluded_lines": 0}, "missing_lines": [124, 125], "excluded_lines": []}, "MCPClient.manage_document": {"executed_lines": [], "summary": {"covered_lines": 0, "num_statements": 2, "percent_covered": 0.0, "percent_covered_display": "0", "missing_lines": 2, "excluded_lines": 0}, "missing_lines": [129, 132], "excluded_lines": []}, "MCPClient.manage_task": {"executed_lines": [], "summary": {"covered_lines": 0, "num_statements": 2, "percent_covered": 0.0, "percent_covered_display": "0", "missing_lines": 2, "excluded_lines": 0}, "missing_lines": [136, 137], "excluded_lines": []}, "get_mcp_client": {"executed_lines": [], "summary": {"covered_lines": 0, "num_statements": 3, "percent_covered": 0.0, "percent_covered_display": "0", "missing_lines": 3, "excluded_lines": 0}, "missing_lines": [153, 154, 156], "excluded_lines": []}, "": {"executed_lines": [], "summary": {"covered_lines": 0, "num_statements": 19, "percent_covered": 0.0, "percent_covered_display": "0", "missing_lines": 19, "excluded_lines": 0}, "missing_lines": [9, 10, 11, 13, 15, 18, 21, 49, 53, 57, 61, 101, 108, 113, 122, 127, 134, 141, 144], "excluded_lines": []}}, "classes": {"MCPClient": {"executed_lines": [], "summary": {"covered_lines": 0, "num_statements": 43, "percent_covered": 0.0, "percent_covered_display": "0", "missing_lines": 43, "excluded_lines": 0}, "missing_lines": [28, 29, 32, 33, 35, 36, 38, 40, 41, 42, 44, 46, 47, 51, 55, 59, 72, 74, 77, 83, 84, 86, 87, 88, 90, 92, 93, 94, 95, 96, 97, 103, 106, 110, 111, 117, 120, 124, 125, 129, 132, 136, 137], "excluded_lines": []}, "": {"executed_lines": [], "summary": {"covered_lines": 0, "num_statements": 22, "percent_covered": 0.0, "percent_covered_display": "0", "missing_lines": 22, "excluded_lines": 0}, "missing_lines": [9, 10, 11, 13, 15, 18, 21, 49, 53, 57, 61, 101, 108, 113, 122, 127, 134, 141, 144, 153, 154, 156], "excluded_lines": []}}}, "src/agents/rag_agent.py": {"executed_lines": [], "summary": {"covered_lines": 0, "num_statements": 170, "percent_covered": 0.0, "percent_covered_display": "0", "missing_lines": 170, "excluded_lines": 0}, "missing_lines": [9, 10, 11, 12, 13, 15, 16, 18, 19, 21, 24, 25, 28, 29, 30, 31, 34, 37, 38, 39, 42, 43, 44, 45, 46, 47, 50, 62, 64, 65, 67, 71, 74, 116, 117, 118, 123, 132, 133, 137, 139, 140, 143, 144, 149, 151, 153, 154, 156, 157, 158, 161, 162, 163, 164, 165, 166, 167, 170, 171, 173, 180, 184, 185, 186, 188, 189, 191, 193, 194, 197, 199, 201, 202, 204, 205, 206, 208, 209, 210, 211, 212, 213, 216, 218, 222, 224, 225, 226, 228, 229, 233, 235, 236, 239, 240, 245, 247, 249, 250, 252, 253, 254, 256, 257, 258, 259, 260, 261, 264, 265, 266, 267, 268, 270, 277, 281, 282, 283, 285, 286, 290, 292, 295, 296, 297, 298, 299, 300, 301, 302, 305, 306, 308, 309, 311, 312, 314, 316, 318, 319, 321, 325, 326, 327, 329, 352, 360, 362, 363, 367, 368, 369, 372, 374, 376, 377, 378, 380, 381, 382, 383, 384, 385, 388, 389, 391, 403, 404, 406], "excluded_lines": [], "functions": {"RagAgent.__init__": {"executed_lines": [], "summary": {"covered_lines": 0, "num_statements": 3, "percent_covered": 0.0, "percent_covered_display": "0", "missing_lines": 3, "excluded_lines": 0}, "missing_lines": [64, 65, 67], "excluded_lines": []}, "RagAgent._create_agent": {"executed_lines": [], "summary": {"covered_lines": 0, "num_statements": 12, "percent_covered": 0.0, "percent_covered_display": "0", "missing_lines": 12, "excluded_lines": 0}, "missing_lines": [74, 116, 117, 132, 133, 188, 189, 228, 229, 285, 286, 314], "excluded_lines": []}, "RagAgent._create_agent.add_search_context": {"executed_lines": [], "summary": {"covered_lines": 0, "num_statements": 2, "percent_covered": 0.0, "percent_covered_display": "0", "missing_lines": 2, "excluded_lines": 0}, "missing_lines": [118, 123], "excluded_lines": []}, "RagAgent._create_agent.search_documents": {"executed_lines": [], "summary": {"covered_lines": 0, "num_statements": 26, "percent_covered": 0.0, "percent_covered_display": "0", "missing_lines": 26, "excluded_lines": 0}, "missing_lines": [137, 139, 140, 143, 144, 149, 151, 153, 154, 156, 157, 158, 161, 162, 163, 164, 165, 166, 167, 170, 171, 173, 180, 184, 185, 186], "excluded_lines": []}, "RagAgent._create_agent.list_available_sources": {"executed_lines": [], "summary": {"covered_lines": 0, "num_statements": 22, "percent_covered": 0.0, "percent_covered_display": "0", "missing_lines": 22, "excluded_lines": 0}, "missing_lines": [191, 193, 194, 197, 199, 201, 202, 204, 205, 206, 208, 209, 210, 211, 212, 213, 216, 218, 222, 224, 225, 226], "excluded_lines": []}, "RagAgent._create_agent.search_code_examples": {"executed_lines": [], "summary": {"covered_lines": 0, "num_statements": 28, "percent_covered": 0.0, "percent_covered_display": "0", "missing_lines": 28, "excluded_lines": 0}, "missing_lines": [233, 235, 236, 239, 240, 245, 247, 249, 250, 252, 253, 254, 256, 257, 258, 259, 260, 261, 264, 265, 266, 267, 268, 270, 277, 281, 282, 283], "excluded_lines": []}, "RagAgent._create_agent.refine_search_query": {"executed_lines": [], "summary": {"covered_lines": 0, "num_statements": 16, "percent_covered": 0.0, "percent_covered_display": "0", "missing_lines": 16, "excluded_lines": 0}, "missing_lines": [290, 292, 295, 296, 297, 298, 299, 300, 301, 302, 305, 306, 308, 309, 311, 312], "excluded_lines": []}, "RagAgent.get_system_prompt": {"executed_lines": [], "summary": {"covered_lines": 0, "num_statements": 6, "percent_covered": 0.0, "percent_covered_display": "0", "missing_lines": 6, "excluded_lines": 0}, "missing_lines": [318, 319, 321, 325, 326, 327], "excluded_lines": []}, "RagAgent.run_conversation": {"executed_lines": [], "summary": {"covered_lines": 0, "num_statements": 24, "percent_covered": 0.0, "percent_covered_display": "0", "missing_lines": 24, "excluded_lines": 0}, "missing_lines": [352, 360, 362, 363, 367, 368, 369, 372, 374, 376, 377, 378, 380, 381, 382, 383, 384, 385, 388, 389, 391, 403, 404, 406], "excluded_lines": []}, "": {"executed_lines": [], "summary": {"covered_lines": 0, "num_statements": 31, "percent_covered": 0.0, "percent_covered_display": "0", "missing_lines": 31, "excluded_lines": 0}, "missing_lines": [9, 10, 11, 12, 13, 15, 16, 18, 19, 21, 24, 25, 28, 29, 30, 31, 34, 37, 38, 39, 42, 43, 44, 45, 46, 47, 50, 62, 71, 316, 329], "excluded_lines": []}}, "classes": {"RagDependencies": {"executed_lines": [], "summary": {"covered_lines": 0, "num_statements": 0, "percent_covered": 100.0, "percent_covered_display": "100", "missing_lines": 0, "excluded_lines": 0}, "missing_lines": [], "excluded_lines": []}, "RagQueryResult": {"executed_lines": [], "summary": {"covered_lines": 0, "num_statements": 0, "percent_covered": 100.0, "percent_covered_display": "100", "missing_lines": 0, "excluded_lines": 0}, "missing_lines": [], "excluded_lines": []}, "RagAgent": {"executed_lines": [], "summary": {"covered_lines": 0, "num_statements": 139, "percent_covered": 0.0, "percent_covered_display": "0", "missing_lines": 139, "excluded_lines": 0}, "missing_lines": [64, 65, 67, 74, 116, 117, 118, 123, 132, 133, 137, 139, 140, 143, 144, 149, 151, 153, 154, 156, 157, 158, 161, 162, 163, 164, 165, 166, 167, 170, 171, 173, 180, 184, 185, 186, 188, 189, 191, 193, 194, 197, 199, 201, 202, 204, 205, 206, 208, 209, 210, 211, 212, 213, 216, 218, 222, 224, 225, 226, 228, 229, 233, 235, 236, 239, 240, 245, 247, 249, 250, 252, 253, 254, 256, 257, 258, 259, 260, 261, 264, 265, 266, 267, 268, 270, 277, 281, 282, 283, 285, 286, 290, 292, 295, 296, 297, 298, 299, 300, 301, 302, 305, 306, 308, 309, 311, 312, 314, 318, 319, 321, 325, 326, 327, 352, 360, 362, 363, 367, 368, 369, 372, 374, 376, 377, 378, 380, 381, 382, 383, 384, 385, 388, 389, 391, 403, 404, 406], "excluded_lines": []}, "": {"executed_lines": [], "summary": {"covered_lines": 0, "num_statements": 31, "percent_covered": 0.0, "percent_covered_display": "0", "missing_lines": 31, "excluded_lines": 0}, "missing_lines": [9, 10, 11, 12, 13, 15, 16, 18, 19, 21, 24, 25, 28, 29, 30, 31, 34, 37, 38, 39, 42, 43, 44, 45, 46, 47, 50, 62, 71, 316, 329], "excluded_lines": []}}}, "src/agents/server.py": {"executed_lines": [], "summary": {"covered_lines": 0, "num_statements": 131, "percent_covered": 0.0, "percent_covered_display": "0", "missing_lines": 131, "excluded_lines": 0}, "missing_lines": [12, 13, 14, 15, 16, 17, 18, 20, 21, 22, 23, 24, 27, 28, 31, 32, 36, 39, 40, 41, 42, 45, 48, 49, 50, 51, 55, 61, 64, 66, 67, 69, 70, 71, 73, 74, 75, 79, 82, 83, 86, 87, 88, 89, 93, 95, 96, 98, 99, 100, 103, 104, 106, 107, 111, 112, 114, 117, 118, 119, 120, 124, 125, 126, 128, 129, 131, 132, 133, 134, 136, 139, 143, 151, 152, 154, 162, 163, 169, 171, 172, 174, 177, 184, 186, 192, 193, 194, 197, 198, 200, 202, 203, 210, 213, 214, 222, 223, 225, 227, 228, 231, 232, 234, 239, 240, 242, 248, 250, 254, 256, 257, 258, 261, 262, 263, 264, 265, 267, 268, 270, 271, 272, 273, 276, 287, 288, 289, 290, 295, 297], "excluded_lines": [], "functions": {"fetch_credentials_from_server": {"executed_lines": [], "summary": {"covered_lines": 0, "num_statements": 25, "percent_covered": 0.0, "percent_covered_display": "0", "missing_lines": 25, "excluded_lines": 0}, "missing_lines": [66, 67, 69, 70, 71, 73, 74, 75, 79, 82, 83, 86, 87, 88, 89, 93, 95, 96, 98, 99, 100, 103, 104, 106, 107], "excluded_lines": []}, "lifespan": {"executed_lines": [], "summary": {"covered_lines": 0, "num_statements": 16, "percent_covered": 0.0, "percent_covered_display": "0", "missing_lines": 16, "excluded_lines": 0}, "missing_lines": [114, 117, 118, 119, 120, 124, 125, 126, 128, 129, 131, 132, 133, 134, 136, 139], "excluded_lines": []}, "health_check": {"executed_lines": [], "summary": {"covered_lines": 0, "num_statements": 1, "percent_covered": 0.0, "percent_covered_display": "0", "missing_lines": 1, "excluded_lines": 0}, "missing_lines": [154], "excluded_lines": []}, "run_agent": {"executed_lines": [], "summary": {"covered_lines": 0, "num_statements": 10, "percent_covered": 0.0, "percent_covered_display": "0", "missing_lines": 10, "excluded_lines": 0}, "missing_lines": [169, 171, 172, 174, 177, 184, 186, 192, 193, 194], "excluded_lines": []}, "list_agents": {"executed_lines": [], "summary": {"covered_lines": 0, "num_statements": 4, "percent_covered": 0.0, "percent_covered_display": "0", "missing_lines": 4, "excluded_lines": 0}, "missing_lines": [200, 202, 203, 210], "excluded_lines": []}, "stream_agent": {"executed_lines": [], "summary": {"covered_lines": 0, "num_statements": 5, "percent_covered": 0.0, "percent_covered_display": "0", "missing_lines": 5, "excluded_lines": 0}, "missing_lines": [222, 223, 225, 227, 276], "excluded_lines": []}, "stream_agent.generate": {"executed_lines": [], "summary": {"covered_lines": 0, "num_statements": 24, "percent_covered": 0.0, "percent_covered_display": "0", "missing_lines": 24, "excluded_lines": 0}, "missing_lines": [228, 231, 232, 234, 239, 240, 242, 248, 250, 254, 256, 257, 258, 261, 262, 263, 264, 265, 267, 268, 270, 271, 272, 273], "excluded_lines": []}, "": {"executed_lines": [], "summary": {"covered_lines": 0, "num_statements": 46, "percent_covered": 0.0, "percent_covered_display": "0", "missing_lines": 46, "excluded_lines": 0}, "missing_lines": [12, 13, 14, 15, 16, 17, 18, 20, 21, 22, 23, 24, 27, 28, 31, 32, 36, 39, 40, 41, 42, 45, 48, 49, 50, 51, 55, 61, 64, 111, 112, 143, 151, 152, 162, 163, 197, 198, 213, 214, 287, 288, 289, 290, 295, 297], "excluded_lines": []}}, "classes": {"AgentRequest": {"executed_lines": [], "summary": {"covered_lines": 0, "num_statements": 0, "percent_covered": 100.0, "percent_covered_display": "100", "missing_lines": 0, "excluded_lines": 0}, "missing_lines": [], "excluded_lines": []}, "AgentResponse": {"executed_lines": [], "summary": {"covered_lines": 0, "num_statements": 0, "percent_covered": 100.0, "percent_covered_display": "100", "missing_lines": 0, "excluded_lines": 0}, "missing_lines": [], "excluded_lines": []}, "": {"executed_lines": [], "summary": {"covered_lines": 0, "num_statements": 131, "percent_covered": 0.0, "percent_covered_display": "0", "missing_lines": 131, "excluded_lines": 0}, "missing_lines": [12, 13, 14, 15, 16, 17, 18, 20, 21, 22, 23, 24, 27, 28, 31, 32, 36, 39, 40, 41, 42, 45, 48, 49, 50, 51, 55, 61, 64, 66, 67, 69, 70, 71, 73, 74, 75, 79, 82, 83, 86, 87, 88, 89, 93, 95, 96, 98, 99, 100, 103, 104, 106, 107, 111, 112, 114, 117, 118, 119, 120, 124, 125, 126, 128, 129, 131, 132, 133, 134, 136, 139, 143, 151, 152, 154, 162, 163, 169, 171, 172, 174, 177, 184, 186, 192, 193, 194, 197, 198, 200, 202, 203, 210, 213, 214, 222, 223, 225, 227, 228, 231, 232, 234, 239, 240, 242, 248, 250, 254, 256, 257, 258, 261, 262, 263, 264, 265, 267, 268, 270, 271, 272, 273, 276, 287, 288, 289, 290, 295, 297], "excluded_lines": []}}}, "src/mcp_server/__init__.py": {"executed_lines": [], "summary": {"covered_lines": 0, "num_statements": 0, "percent_covered": 100.0, "percent_covered_display": "100", "missing_lines": 0, "excluded_lines": 0}, "missing_lines": [], "excluded_lines": [], "functions": {"": {"executed_lines": [], "summary": {"covered_lines": 0, "num_statements": 0, "percent_covered": 100.0, "percent_covered_display": "100", "missing_lines": 0, "excluded_lines": 0}, "missing_lines": [], "excluded_lines": []}}, "classes": {"": {"executed_lines": [], "summary": {"covered_lines": 0, "num_statements": 0, "percent_covered": 100.0, "percent_covered_display": "100", "missing_lines": 0, "excluded_lines": 0}, "missing_lines": [], "excluded_lines": []}}}, "src/mcp_server/mcp_server.py": {"executed_lines": [], "summary": {"covered_lines": 0, "num_statements": 240, "percent_covered": 0.0, "percent_covered_display": "0", "missing_lines": 240, "excluded_lines": 0}, "missing_lines": [17, 18, 19, 20, 21, 22, 23, 24, 25, 26, 27, 28, 29, 31, 33, 36, 39, 40, 41, 44, 54, 57, 60, 63, 66, 67, 68, 70, 73, 74, 75, 80, 83, 84, 90, 91, 92, 94, 95, 96, 102, 103, 106, 108, 110, 112, 113, 116, 118, 119, 121, 122, 124, 126, 127, 128, 129, 132, 133, 140, 141, 142, 143, 146, 148, 149, 150, 151, 153, 155, 157, 158, 159, 162, 163, 164, 167, 170, 172, 175, 176, 178, 180, 181, 182, 183, 186, 187, 191, 266, 267, 268, 269, 271, 279, 281, 282, 283, 284, 288, 289, 296, 298, 300, 302, 310, 311, 313, 320, 327, 328, 329, 337, 338, 345, 346, 349, 355, 356, 357, 359, 365, 366, 367, 375, 377, 379, 382, 383, 385, 386, 387, 388, 389, 390, 391, 392, 397, 398, 400, 401, 402, 403, 405, 406, 408, 409, 410, 411, 413, 414, 418, 419, 421, 422, 423, 424, 425, 426, 427, 428, 429, 430, 431, 432, 435, 436, 438, 439, 440, 441, 442, 443, 444, 445, 446, 447, 448, 449, 452, 453, 455, 456, 457, 458, 459, 460, 461, 462, 463, 464, 465, 466, 469, 470, 472, 473, 474, 475, 476, 477, 478, 479, 480, 481, 482, 483, 485, 487, 488, 489, 493, 494, 495, 496, 497, 498, 501, 503, 505, 507, 508, 509, 511, 512, 514, 516, 517, 518, 519, 520, 523, 524, 525, 526, 527, 528, 529, 530, 531], "excluded_lines": [], "functions": {"ArchonContext.__post_init__": {"executed_lines": [], "summary": {"covered_lines": 0, "num_statements": 4, "percent_covered": 0.0, "percent_covered_display": "0", "missing_lines": 4, "excluded_lines": 0}, "missing_lines": [95, 96, 102, 103], "excluded_lines": []}, "perform_health_checks": {"executed_lines": [], "summary": {"covered_lines": 0, "num_statements": 14, "percent_covered": 0.0, "percent_covered_display": "0", "missing_lines": 14, "excluded_lines": 0}, "missing_lines": [108, 110, 112, 113, 116, 118, 119, 121, 122, 124, 126, 127, 128, 129], "excluded_lines": []}, "lifespan": {"executed_lines": [], "summary": {"covered_lines": 0, "num_statements": 29, "percent_covered": 0.0, "percent_covered_display": "0", "missing_lines": 29, "excluded_lines": 0}, "missing_lines": [140, 141, 142, 143, 146, 148, 149, 150, 151, 153, 155, 157, 158, 159, 162, 163, 164, 167, 170, 172, 175, 176, 178, 180, 181, 182, 183, 186, 187], "excluded_lines": []}, "health_check": {"executed_lines": [], "summary": {"covered_lines": 0, "num_statements": 11, "percent_covered": 0.0, "percent_covered_display": "0", "missing_lines": 11, "excluded_lines": 0}, "missing_lines": [296, 298, 300, 302, 310, 311, 313, 320, 327, 328, 329], "excluded_lines": []}, "session_info": {"executed_lines": [], "summary": {"covered_lines": 0, "num_statements": 10, "percent_covered": 0.0, "percent_covered_display": "0", "missing_lines": 10, "excluded_lines": 0}, "missing_lines": [345, 346, 349, 355, 356, 357, 359, 365, 366, 367], "excluded_lines": []}, "register_modules": {"executed_lines": [], "summary": {"covered_lines": 0, "num_statements": 86, "percent_covered": 0.0, "percent_covered_display": "0", "missing_lines": 86, "excluded_lines": 0}, "missing_lines": [377, 379, 382, 383, 385, 386, 387, 388, 389, 390, 391, 392, 397, 398, 400, 401, 402, 403, 405, 406, 408, 409, 410, 411, 413, 414, 418, 419, 421, 422, 423, 424, 425, 426, 427, 428, 429, 430, 431, 432, 435, 436, 438, 439, 440, 441, 442, 443, 444, 445, 446, 447, 448, 449, 452, 453, 455, 456, 457, 458, 459, 460, 461, 462, 463, 464, 465, 466, 469, 470, 472, 473, 474, 475, 476, 477, 478, 479, 480, 481, 482, 483, 485, 487, 488, 489], "excluded_lines": []}, "main": {"executed_lines": [], "summary": {"covered_lines": 0, "num_statements": 13, "percent_covered": 0.0, "percent_covered_display": "0", "missing_lines": 13, "excluded_lines": 0}, "missing_lines": [503, 505, 507, 508, 509, 511, 512, 514, 516, 517, 518, 519, 520], "excluded_lines": []}, "": {"executed_lines": [], "summary": {"covered_lines": 0, "num_statements": 73, "percent_covered": 0.0, "percent_covered_display": "0", "missing_lines": 73, "excluded_lines": 0}, "missing_lines": [17, 18, 19, 20, 21, 22, 23, 24, 25, 26, 27, 28, 29, 31, 33, 36, 39, 40, 41, 44, 54, 57, 60, 63, 66, 67, 68, 70, 73, 74, 75, 80, 83, 84, 90, 91, 92, 94, 106, 132, 133, 191, 266, 267, 268, 269, 271, 279, 281, 282, 283, 284, 288, 289, 337, 338, 375, 493, 494, 495, 496, 497, 498, 501, 523, 524, 525, 526, 527, 528, 529, 530, 531], "excluded_lines": []}}, "classes": {"ArchonContext": {"executed_lines": [], "summary": {"covered_lines": 0, "num_statements": 4, "percent_covered": 0.0, "percent_covered_display": "0", "missing_lines": 4, "excluded_lines": 0}, "missing_lines": [95, 96, 102, 103], "excluded_lines": []}, "": {"executed_lines": [], "summary": {"covered_lines": 0, "num_statements": 236, "percent_covered": 0.0, "percent_covered_display": "0", "missing_lines": 236, "excluded_lines": 0}, "missing_lines": [17, 18, 19, 20, 21, 22, 23, 24, 25, 26, 27, 28, 29, 31, 33, 36, 39, 40, 41, 44, 54, 57, 60, 63, 66, 67, 68, 70, 73, 74, 75, 80, 83, 84, 90, 91, 92, 94, 106, 108, 110, 112, 113, 116, 118, 119, 121, 122, 124, 126, 127, 128, 129, 132, 133, 140, 141, 142, 143, 146, 148, 149, 150, 151, 153, 155, 157, 158, 159, 162, 163, 164, 167, 170, 172, 175, 176, 178, 180, 181, 182, 183, 186, 187, 191, 266, 267, 268, 269, 271, 279, 281, 282, 283, 284, 288, 289, 296, 298, 300, 302, 310, 311, 313, 320, 327, 328, 329, 337, 338, 345, 346, 349, 355, 356, 357, 359, 365, 366, 367, 375, 377, 379, 382, 383, 385, 386, 387, 388, 389, 390, 391, 392, 397, 398, 400, 401, 402, 403, 405, 406, 408, 409, 410, 411, 413, 414, 418, 419, 421, 422, 423, 424, 425, 426, 427, 428, 429, 430, 431, 432, 435, 436, 438, 439, 440, 441, 442, 443, 444, 445, 446, 447, 448, 449, 452, 453, 455, 456, 457, 458, 459, 460, 461, 462, 463, 464, 465, 466, 469, 470, 472, 473, 474, 475, 476, 477, 478, 479, 480, 481, 482, 483, 485, 487, 488, 489, 493, 494, 495, 496, 497, 498, 501, 503, 505, 507, 508, 509, 511, 512, 514, 516, 517, 518, 519, 520, 523, 524, 525, 526, 527, 528, 529, 530, 531], "excluded_lines": []}}}, "src/mcp_server/modules/__init__.py": {"executed_lines": [], "summary": {"covered_lines": 0, "num_statements": 0, "percent_covered": 100.0, "percent_covered_display": "100", "missing_lines": 0, "excluded_lines": 0}, "missing_lines": [], "excluded_lines": [], "functions": {"": {"executed_lines": [], "summary": {"covered_lines": 0, "num_statements": 0, "percent_covered": 100.0, "percent_covered_display": "100", "missing_lines": 0, "excluded_lines": 0}, "missing_lines": [], "excluded_lines": []}}, "classes": {"": {"executed_lines": [], "summary": {"covered_lines": 0, "num_statements": 0, "percent_covered": 100.0, "percent_covered_display": "100", "missing_lines": 0, "excluded_lines": 0}, "missing_lines": [], "excluded_lines": []}}}, "src/mcp_server/modules/models.py": {"executed_lines": [], "summary": {"covered_lines": 0, "num_statements": 89, "percent_covered": 0.0, "percent_covered_display": "0", "missing_lines": 89, "excluded_lines": 0}, "missing_lines": [10, 11, 12, 14, 17, 20, 21, 22, 23, 24, 25, 28, 31, 32, 33, 34, 37, 40, 41, 42, 43, 46, 47, 50, 53, 56, 57, 58, 59, 60, 65, 68, 71, 72, 75, 82, 83, 84, 85, 90, 91, 94, 95, 98, 99, 102, 107, 108, 113, 117, 118, 119, 122, 129, 130, 131, 132, 135, 140, 141, 142, 143, 146, 147, 149, 150, 151, 154, 157, 158, 159, 160, 161, 162, 165, 168, 169, 170, 171, 172, 173, 179, 181, 217, 221, 223, 225, 226, 228], "excluded_lines": [], "functions": {"ProjectRequirementsDocument.set_last_updated": {"executed_lines": [], "summary": {"covered_lines": 0, "num_statements": 1, "percent_covered": 0.0, "percent_covered_display": "0", "missing_lines": 1, "excluded_lines": 0}, "missing_lines": [119], "excluded_lines": []}, "GeneralDocument.set_timestamps": {"executed_lines": [], "summary": {"covered_lines": 0, "num_statements": 1, "percent_covered": 0.0, "percent_covered_display": "0", "missing_lines": 1, "excluded_lines": 0}, "missing_lines": [151], "excluded_lines": []}, "create_default_prd": {"executed_lines": [], "summary": {"covered_lines": 0, "num_statements": 1, "percent_covered": 0.0, "percent_covered_display": "0", "missing_lines": 1, "excluded_lines": 0}, "missing_lines": [181], "excluded_lines": []}, "create_default_document": {"executed_lines": [], "summary": {"covered_lines": 0, "num_statements": 5, "percent_covered": 0.0, "percent_covered_display": "0", "missing_lines": 5, "excluded_lines": 0}, "missing_lines": [221, 223, 225, 226, 228], "excluded_lines": []}, "": {"executed_lines": [], "summary": {"covered_lines": 0, "num_statements": 81, "percent_covered": 0.0, "percent_covered_display": "0", "missing_lines": 81, "excluded_lines": 0}, "missing_lines": [10, 11, 12, 14, 17, 20, 21, 22, 23, 24, 25, 28, 31, 32, 33, 34, 37, 40, 41, 42, 43, 46, 47, 50, 53, 56, 57, 58, 59, 60, 65, 68, 71, 72, 75, 82, 83, 84, 85, 90, 91, 94, 95, 98, 99, 102, 107, 108, 113, 117, 118, 122, 129, 130, 131, 132, 135, 140, 141, 142, 143, 146, 147, 149, 150, 154, 157, 158, 159, 160, 161, 162, 165, 168, 169, 170, 171, 172, 173, 179, 217], "excluded_lines": []}}, "classes": {"DocumentType": {"executed_lines": [], "summary": {"covered_lines": 0, "num_statements": 0, "percent_covered": 100.0, "percent_covered_display": "100", "missing_lines": 0, "excluded_lines": 0}, "missing_lines": [], "excluded_lines": []}, "Priority": {"executed_lines": [], "summary": {"covered_lines": 0, "num_statements": 0, "percent_covered": 100.0, "percent_covered_display": "100", "missing_lines": 0, "excluded_lines": 0}, "missing_lines": [], "excluded_lines": []}, "UserStory": {"executed_lines": [], "summary": {"covered_lines": 0, "num_statements": 0, "percent_covered": 100.0, "percent_covered_display": "100", "missing_lines": 0, "excluded_lines": 0}, "missing_lines": [], "excluded_lines": []}, "Goal": {"executed_lines": [], "summary": {"covered_lines": 0, "num_statements": 0, "percent_covered": 100.0, "percent_covered_display": "100", "missing_lines": 0, "excluded_lines": 0}, "missing_lines": [], "excluded_lines": []}, "TechnicalRequirement": {"executed_lines": [], "summary": {"covered_lines": 0, "num_statements": 0, "percent_covered": 100.0, "percent_covered_display": "100", "missing_lines": 0, "excluded_lines": 0}, "missing_lines": [], "excluded_lines": []}, "ProjectRequirementsDocument": {"executed_lines": [], "summary": {"covered_lines": 0, "num_statements": 1, "percent_covered": 0.0, "percent_covered_display": "0", "missing_lines": 1, "excluded_lines": 0}, "missing_lines": [119], "excluded_lines": []}, "GeneralDocument": {"executed_lines": [], "summary": {"covered_lines": 0, "num_statements": 1, "percent_covered": 0.0, "percent_covered_display": "0", "missing_lines": 1, "excluded_lines": 0}, "missing_lines": [151], "excluded_lines": []}, "CreateDocumentRequest": {"executed_lines": [], "summary": {"covered_lines": 0, "num_statements": 0, "percent_covered": 100.0, "percent_covered_display": "100", "missing_lines": 0, "excluded_lines": 0}, "missing_lines": [], "excluded_lines": []}, "UpdateDocumentRequest": {"executed_lines": [], "summary": {"covered_lines": 0, "num_statements": 0, "percent_covered": 100.0, "percent_covered_display": "100", "missing_lines": 0, "excluded_lines": 0}, "missing_lines": [], "excluded_lines": []}, "": {"executed_lines": [], "summary": {"covered_lines": 0, "num_statements": 87, "percent_covered": 0.0, "percent_covered_display": "0", "missing_lines": 87, "excluded_lines": 0}, "missing_lines": [10, 11, 12, 14, 17, 20, 21, 22, 23, 24, 25, 28, 31, 32, 33, 34, 37, 40, 41, 42, 43, 46, 47, 50, 53, 56, 57, 58, 59, 60, 65, 68, 71, 72, 75, 82, 83, 84, 85, 90, 91, 94, 95, 98, 99, 102, 107, 108, 113, 117, 118, 122, 129, 130, 131, 132, 135, 140, 141, 142, 143, 146, 147, 149, 150, 154, 157, 158, 159, 160, 161, 162, 165, 168, 169, 170, 171, 172, 173, 179, 181, 217, 221, 223, 225, 226, 228], "excluded_lines": []}}}, "src/mcp_server/modules/rag_module.py": {"executed_lines": [], "summary": {"covered_lines": 0, "num_statements": 67, "percent_covered": 0.0, "percent_covered_display": "0", "missing_lines": 67, "excluded_lines": 0}, "missing_lines": [13, 14, 15, 16, 18, 20, 23, 25, 28, 30, 33, 35, 36, 39, 42, 43, 54, 55, 56, 58, 59, 61, 62, 63, 65, 69, 70, 75, 76, 77, 79, 80, 99, 100, 101, 103, 104, 105, 106, 108, 110, 111, 112, 122, 123, 132, 133, 134, 136, 137, 156, 157, 158, 160, 161, 162, 163, 166, 170, 171, 172, 182, 183, 192, 193, 194, 197], "excluded_lines": [], "functions": {"get_setting": {"executed_lines": [], "summary": {"covered_lines": 0, "num_statements": 1, "percent_covered": 0.0, "percent_covered_display": "0", "missing_lines": 1, "excluded_lines": 0}, "missing_lines": [30], "excluded_lines": []}, "get_bool_setting": {"executed_lines": [], "summary": {"covered_lines": 0, "num_statements": 2, "percent_covered": 0.0, "percent_covered_display": "0", "missing_lines": 2, "excluded_lines": 0}, "missing_lines": [35, 36], "excluded_lines": []}, "register_rag_tools": {"executed_lines": [], "summary": {"covered_lines": 0, "num_statements": 7, "percent_covered": 0.0, "percent_covered_display": "0", "missing_lines": 7, "excluded_lines": 0}, "missing_lines": [42, 43, 79, 80, 136, 137, 197], "excluded_lines": []}, "register_rag_tools.get_available_sources": {"executed_lines": [], "summary": {"covered_lines": 0, "num_statements": 14, "percent_covered": 0.0, "percent_covered_display": "0", "missing_lines": 14, "excluded_lines": 0}, "missing_lines": [54, 55, 56, 58, 59, 61, 62, 63, 65, 69, 70, 75, 76, 77], "excluded_lines": []}, "register_rag_tools.perform_rag_query": {"executed_lines": [], "summary": {"covered_lines": 0, "num_statements": 16, "percent_covered": 0.0, "percent_covered_display": "0", "missing_lines": 16, "excluded_lines": 0}, "missing_lines": [99, 100, 101, 103, 104, 105, 106, 108, 110, 111, 112, 122, 123, 132, 133, 134], "excluded_lines": []}, "register_rag_tools.search_code_examples": {"executed_lines": [], "summary": {"covered_lines": 0, "num_statements": 16, "percent_covered": 0.0, "percent_covered_display": "0", "missing_lines": 16, "excluded_lines": 0}, "missing_lines": [156, 157, 158, 160, 161, 162, 163, 166, 170, 171, 172, 182, 183, 192, 193, 194], "excluded_lines": []}, "": {"executed_lines": [], "summary": {"covered_lines": 0, "num_statements": 11, "percent_covered": 0.0, "percent_covered_display": "0", "missing_lines": 11, "excluded_lines": 0}, "missing_lines": [13, 14, 15, 16, 18, 20, 23, 25, 28, 33, 39], "excluded_lines": []}}, "classes": {"": {"executed_lines": [], "summary": {"covered_lines": 0, "num_statements": 67, "percent_covered": 0.0, "percent_covered_display": "0", "missing_lines": 67, "excluded_lines": 0}, "missing_lines": [13, 14, 15, 16, 18, 20, 23, 25, 28, 30, 33, 35, 36, 39, 42, 43, 54, 55, 56, 58, 59, 61, 62, 63, 65, 69, 70, 75, 76, 77, 79, 80, 99, 100, 101, 103, 104, 105, 106, 108, 110, 111, 112, 122, 123, 132, 133, 134, 136, 137, 156, 157, 158, 160, 161, 162, 163, 166, 170, 171, 172, 182, 183, 192, 193, 194, 197], "excluded_lines": []}}}, "src/mcp_server/utils/__init__.py": {"executed_lines": [], "summary": {"covered_lines": 0, "num_statements": 4, "percent_covered": 0.0, "percent_covered_display": "0", "missing_lines": 4, "excluded_lines": 0}, "missing_lines": [5, 6, 7, 14], "excluded_lines": [], "functions": {"": {"executed_lines": [], "summary": {"covered_lines": 0, "num_statements": 4, "percent_covered": 0.0, "percent_covered_display": "0", "missing_lines": 4, "excluded_lines": 0}, "missing_lines": [5, 6, 7, 14], "excluded_lines": []}}, "classes": {"": {"executed_lines": [], "summary": {"covered_lines": 0, "num_statements": 4, "percent_covered": 0.0, "percent_covered_display": "0", "missing_lines": 4, "excluded_lines": 0}, "missing_lines": [5, 6, 7, 14], "excluded_lines": []}}}, "src/mcp_server/utils/error_handling.py": {"executed_lines": [], "summary": {"covered_lines": 0, "num_statements": 56, "percent_covered": 0.0, "percent_covered_display": "0", "missing_lines": 56, "excluded_lines": 0}, "missing_lines": [7, 8, 9, 11, 13, 16, 19, 20, 40, 48, 49, 51, 52, 54, 55, 57, 59, 60, 72, 73, 74, 76, 82, 83, 90, 91, 94, 102, 103, 115, 116, 119, 120, 121, 122, 123, 124, 125, 126, 127, 128, 129, 130, 131, 132, 133, 134, 135, 136, 138, 140, 141, 143, 151, 153, 166], "excluded_lines": [], "functions": {"MCPErrorFormatter.format_error": {"executed_lines": [], "summary": {"covered_lines": 0, "num_statements": 8, "percent_covered": 0.0, "percent_covered_display": "0", "missing_lines": 8, "excluded_lines": 0}, "missing_lines": [40, 48, 49, 51, 52, 54, 55, 57], "excluded_lines": []}, "MCPErrorFormatter.from_http_error": {"executed_lines": [], "summary": {"covered_lines": 0, "num_statements": 9, "percent_covered": 0.0, "percent_covered_display": "0", "missing_lines": 9, "excluded_lines": 0}, "missing_lines": [72, 73, 74, 76, 82, 83, 90, 91, 94], "excluded_lines": []}, "MCPErrorFormatter.from_exception": {"executed_lines": [], "summary": {"covered_lines": 0, "num_statements": 24, "percent_covered": 0.0, "percent_covered_display": "0", "missing_lines": 24, "excluded_lines": 0}, "missing_lines": [115, 116, 119, 120, 121, 122, 123, 124, 125, 126, 127, 128, 129, 130, 131, 132, 133, 134, 135, 136, 138, 140, 141, 143], "excluded_lines": []}, "_get_suggestion_for_status": {"executed_lines": [], "summary": {"covered_lines": 0, "num_statements": 2, "percent_covered": 0.0, "percent_covered_display": "0", "missing_lines": 2, "excluded_lines": 0}, "missing_lines": [153, 166], "excluded_lines": []}, "": {"executed_lines": [], "summary": {"covered_lines": 0, "num_statements": 13, "percent_covered": 0.0, "percent_covered_display": "0", "missing_lines": 13, "excluded_lines": 0}, "missing_lines": [7, 8, 9, 11, 13, 16, 19, 20, 59, 60, 102, 103, 151], "excluded_lines": []}}, "classes": {"MCPErrorFormatter": {"executed_lines": [], "summary": {"covered_lines": 0, "num_statements": 41, "percent_covered": 0.0, "percent_covered_display": "0", "missing_lines": 41, "excluded_lines": 0}, "missing_lines": [40, 48, 49, 51, 52, 54, 55, 57, 72, 73, 74, 76, 82, 83, 90, 91, 94, 115, 116, 119, 120, 121, 122, 123, 124, 125, 126, 127, 128, 129, 130, 131, 132, 133, 134, 135, 136, 138, 140, 141, 143], "excluded_lines": []}, "": {"executed_lines": [], "summary": {"covered_lines": 0, "num_statements": 15, "percent_covered": 0.0, "percent_covered_display": "0", "missing_lines": 15, "excluded_lines": 0}, "missing_lines": [7, 8, 9, 11, 13, 16, 19, 20, 59, 60, 102, 103, 151, 153, 166], "excluded_lines": []}}}, "src/mcp_server/utils/http_client.py": {"executed_lines": [], "summary": {"covered_lines": 0, "num_statements": 10, "percent_covered": 0.0, "percent_covered_display": "0", "missing_lines": 10, "excluded_lines": 0}, "missing_lines": [7, 8, 10, 12, 15, 16, 33, 34, 37, 38], "excluded_lines": [], "functions": {"get_http_client": {"executed_lines": [], "summary": {"covered_lines": 0, "num_statements": 4, "percent_covered": 0.0, "percent_covered_display": "0", "missing_lines": 4, "excluded_lines": 0}, "missing_lines": [33, 34, 37, 38], "excluded_lines": []}, "": {"executed_lines": [], "summary": {"covered_lines": 0, "num_statements": 6, "percent_covered": 0.0, "percent_covered_display": "0", "missing_lines": 6, "excluded_lines": 0}, "missing_lines": [7, 8, 10, 12, 15, 16], "excluded_lines": []}}, "classes": {"": {"executed_lines": [], "summary": {"covered_lines": 0, "num_statements": 10, "percent_covered": 0.0, "percent_covered_display": "0", "missing_lines": 10, "excluded_lines": 0}, "missing_lines": [7, 8, 10, 12, 15, 16, 33, 34, 37, 38], "excluded_lines": []}}}, "src/mcp_server/utils/timeout_config.py": {"executed_lines": [], "summary": {"covered_lines": 0, "num_statements": 17, "percent_covered": 0.0, "percent_covered_display": "0", "missing_lines": 17, "excluded_lines": 0}, "missing_lines": [7, 8, 10, 13, 26, 34, 43, 51, 58, 59, 60, 62, 65, 75, 76, 79, 80], "excluded_lines": [], "functions": {"get_default_timeout": {"executed_lines": [], "summary": {"covered_lines": 0, "num_statements": 1, "percent_covered": 0.0, "percent_covered_display": "0", "missing_lines": 1, "excluded_lines": 0}, "missing_lines": [26], "excluded_lines": []}, "get_polling_timeout": {"executed_lines": [], "summary": {"covered_lines": 0, "num_statements": 1, "percent_covered": 0.0, "percent_covered_display": "0", "missing_lines": 1, "excluded_lines": 0}, "missing_lines": [43], "excluded_lines": []}, "get_max_polling_attempts": {"executed_lines": [], "summary": {"covered_lines": 0, "num_statements": 4, "percent_covered": 0.0, "percent_covered_display": "0", "missing_lines": 4, "excluded_lines": 0}, "missing_lines": [58, 59, 60, 62], "excluded_lines": []}, "get_polling_interval": {"executed_lines": [], "summary": {"covered_lines": 0, "num_statements": 4, "percent_covered": 0.0, "percent_covered_display": "0", "missing_lines": 4, "excluded_lines": 0}, "missing_lines": [75, 76, 79, 80], "excluded_lines": []}, "": {"executed_lines": [], "summary": {"covered_lines": 0, "num_statements": 7, "percent_covered": 0.0, "percent_covered_display": "0", "missing_lines": 7, "excluded_lines": 0}, "missing_lines": [7, 8, 10, 13, 34, 51, 65], "excluded_lines": []}}, "classes": {"": {"executed_lines": [], "summary": {"covered_lines": 0, "num_statements": 17, "percent_covered": 0.0, "percent_covered_display": "0", "missing_lines": 17, "excluded_lines": 0}, "missing_lines": [7, 8, 10, 13, 26, 34, 43, 51, 58, 59, 60, 62, 65, 75, 76, 79, 80], "excluded_lines": []}}}, "src/server/__init__.py": {"executed_lines": [0], "summary": {"covered_lines": 0, "num_statements": 0, "percent_covered": 100.0, "percent_covered_display": "100", "missing_lines": 0, "excluded_lines": 0}, "missing_lines": [], "excluded_lines": [], "functions": {"": {"executed_lines": [], "summary": {"covered_lines": 0, "num_statements": 0, "percent_covered": 100.0, "percent_covered_display": "100", "missing_lines": 0, "excluded_lines": 0}, "missing_lines": [], "excluded_lines": []}}, "classes": {"": {"executed_lines": [], "summary": {"covered_lines": 0, "num_statements": 0, "percent_covered": 100.0, "percent_covered_display": "100", "missing_lines": 0, "excluded_lines": 0}, "missing_lines": [], "excluded_lines": []}}}, "src/server/api_routes/__init__.py": {"executed_lines": [], "summary": {"covered_lines": 0, "num_statements": 8, "percent_covered": 0.0, "percent_covered_display": "0", "missing_lines": 8, "excluded_lines": 0}, "missing_lines": [13, 14, 15, 16, 17, 18, 19, 21], "excluded_lines": [], "functions": {"": {"executed_lines": [], "summary": {"covered_lines": 0, "num_statements": 8, "percent_covered": 0.0, "percent_covered_display": "0", "missing_lines": 8, "excluded_lines": 0}, "missing_lines": [13, 14, 15, 16, 17, 18, 19, 21], "excluded_lines": []}}, "classes": {"": {"executed_lines": [], "summary": {"covered_lines": 0, "num_statements": 8, "percent_covered": 0.0, "percent_covered_display": "0", "missing_lines": 8, "excluded_lines": 0}, "missing_lines": [13, 14, 15, 16, 17, 18, 19, 21], "excluded_lines": []}}}, "src/server/api_routes/agent_chat_api.py": {"executed_lines": [], "summary": {"covered_lines": 0, "num_statements": 102, "percent_covered": 0.0, "percent_covered_display": "0", "missing_lines": 102, "excluded_lines": 0}, "missing_lines": [5, 6, 9, 10, 11, 12, 14, 15, 16, 18, 21, 23, 26, 29, 33, 34, 35, 38, 39, 40, 41, 42, 43, 47, 48, 50, 51, 59, 60, 63, 64, 66, 67, 68, 71, 72, 74, 75, 78, 84, 87, 90, 94, 98, 99, 101, 102, 103, 104, 106, 113, 114, 116, 117, 118, 119, 122, 123, 125, 126, 127, 129, 130, 131, 134, 135, 141, 144, 147, 151, 153, 154, 156, 157, 160, 162, 164, 165, 166, 170, 171, 176, 177, 182, 185, 188, 189, 190, 191, 192, 195, 198, 204, 205, 208, 217, 220, 223, 225, 226, 227, 230], "excluded_lines": [], "functions": {"create_session": {"executed_lines": [], "summary": {"covered_lines": 0, "num_statements": 4, "percent_covered": 0.0, "percent_covered_display": "0", "missing_lines": 4, "excluded_lines": 0}, "missing_lines": [50, 51, 59, 60], "excluded_lines": []}, "get_session": {"executed_lines": [], "summary": {"covered_lines": 0, "num_statements": 3, "percent_covered": 0.0, "percent_covered_display": "0", "missing_lines": 3, "excluded_lines": 0}, "missing_lines": [66, 67, 68], "excluded_lines": []}, "send_message": {"executed_lines": [], "summary": {"covered_lines": 0, "num_statements": 7, "percent_covered": 0.0, "percent_covered_display": "0", "missing_lines": 7, "excluded_lines": 0}, "missing_lines": [74, 75, 78, 84, 87, 90, 94], "excluded_lines": []}, "join_chat": {"executed_lines": [], "summary": {"covered_lines": 0, "num_statements": 5, "percent_covered": 0.0, "percent_covered_display": "0", "missing_lines": 5, "excluded_lines": 0}, "missing_lines": [101, 102, 103, 104, 106], "excluded_lines": []}, "leave_chat": {"executed_lines": [], "summary": {"covered_lines": 0, "num_statements": 4, "percent_covered": 0.0, "percent_covered_display": "0", "missing_lines": 4, "excluded_lines": 0}, "missing_lines": [116, 117, 118, 119], "excluded_lines": []}, "chat_message": {"executed_lines": [], "summary": {"covered_lines": 0, "num_statements": 11, "percent_covered": 0.0, "percent_covered_display": "0", "missing_lines": 11, "excluded_lines": 0}, "missing_lines": [125, 126, 127, 129, 130, 131, 134, 135, 141, 144, 147], "excluded_lines": []}, "process_agent_response": {"executed_lines": [], "summary": {"covered_lines": 0, "num_statements": 32, "percent_covered": 0.0, "percent_covered_display": "0", "missing_lines": 32, "excluded_lines": 0}, "missing_lines": [153, 154, 156, 157, 160, 162, 164, 165, 166, 170, 171, 176, 177, 182, 185, 188, 189, 190, 191, 192, 195, 198, 204, 205, 208, 217, 220, 223, 225, 226, 227, 230], "excluded_lines": []}, "": {"executed_lines": [], "summary": {"covered_lines": 0, "num_statements": 36, "percent_covered": 0.0, "percent_covered_display": "0", "missing_lines": 36, "excluded_lines": 0}, "missing_lines": [5, 6, 9, 10, 11, 12, 14, 15, 16, 18, 21, 23, 26, 29, 33, 34, 35, 38, 39, 40, 41, 42, 43, 47, 48, 63, 64, 71, 72, 98, 99, 113, 114, 122, 123, 151], "excluded_lines": []}}, "classes": {"CreateSessionRequest": {"executed_lines": [], "summary": {"covered_lines": 0, "num_statements": 0, "percent_covered": 100.0, "percent_covered_display": "100", "missing_lines": 0, "excluded_lines": 0}, "missing_lines": [], "excluded_lines": []}, "ChatMessage": {"executed_lines": [], "summary": {"covered_lines": 0, "num_statements": 0, "percent_covered": 100.0, "percent_covered_display": "100", "missing_lines": 0, "excluded_lines": 0}, "missing_lines": [], "excluded_lines": []}, "": {"executed_lines": [], "summary": {"covered_lines": 0, "num_statements": 102, "percent_covered": 0.0, "percent_covered_display": "0", "missing_lines": 102, "excluded_lines": 0}, "missing_lines": [5, 6, 9, 10, 11, 12, 14, 15, 16, 18, 21, 23, 26, 29, 33, 34, 35, 38, 39, 40, 41, 42, 43, 47, 48, 50, 51, 59, 60, 63, 64, 66, 67, 68, 71, 72, 74, 75, 78, 84, 87, 90, 94, 98, 99, 101, 102, 103, 104, 106, 113, 114, 116, 117, 118, 119, 122, 123, 125, 126, 127, 129, 130, 131, 134, 135, 141, 144, 147, 151, 153, 154, 156, 157, 160, 162, 164, 165, 166, 170, 171, 176, 177, 182, 185, 188, 189, 190, 191, 192, 195, 198, 204, 205, 208, 217, 220, 223, 225, 226, 227, 230], "excluded_lines": []}}}, "src/server/api_routes/bug_report_api.py": {"executed_lines": [], "summary": {"covered_lines": 0, "num_statements": 91, "percent_covered": 0.0, "percent_covered_display": "0", "missing_lines": 91, "excluded_lines": 0}, "missing_lines": [7, 8, 10, 11, 12, 14, 16, 18, 21, 22, 23, 24, 25, 26, 29, 30, 31, 32, 33, 34, 35, 36, 37, 40, 41, 42, 43, 44, 47, 48, 49, 50, 52, 55, 56, 61, 63, 74, 75, 76, 86, 87, 88, 93, 94, 95, 100, 101, 105, 106, 107, 108, 109, 110, 112, 116, 119, 129, 130, 132, 188, 191, 192, 202, 207, 208, 209, 211, 215, 222, 224, 225, 226, 227, 228, 232, 233, 236, 240, 243, 245, 246, 253, 256, 257, 259, 267, 268, 271, 272, 274], "excluded_lines": [], "functions": {"GitHubService.__init__": {"executed_lines": [], "summary": {"covered_lines": 0, "num_statements": 2, "percent_covered": 0.0, "percent_covered_display": "0", "missing_lines": 2, "excluded_lines": 0}, "missing_lines": [49, 50], "excluded_lines": []}, "GitHubService.create_issue": {"executed_lines": [], "summary": {"covered_lines": 0, "num_statements": 21, "percent_covered": 0.0, "percent_covered_display": "0", "missing_lines": 21, "excluded_lines": 0}, "missing_lines": [55, 56, 61, 63, 74, 75, 76, 86, 87, 88, 93, 94, 95, 100, 101, 105, 106, 107, 108, 109, 110], "excluded_lines": []}, "GitHubService._format_issue_body": {"executed_lines": [], "summary": {"covered_lines": 0, "num_statements": 5, "percent_covered": 0.0, "percent_covered_display": "0", "missing_lines": 5, "excluded_lines": 0}, "missing_lines": [116, 119, 129, 130, 132], "excluded_lines": []}, "create_github_issue": {"executed_lines": [], "summary": {"covered_lines": 0, "num_statements": 14, "percent_covered": 0.0, "percent_covered_display": "0", "missing_lines": 14, "excluded_lines": 0}, "missing_lines": [202, 207, 208, 209, 211, 215, 222, 224, 225, 226, 227, 228, 232, 233], "excluded_lines": []}, "_create_manual_submission_response": {"executed_lines": [], "summary": {"covered_lines": 0, "num_statements": 8, "percent_covered": 0.0, "percent_covered_display": "0", "missing_lines": 8, "excluded_lines": 0}, "missing_lines": [240, 243, 245, 246, 253, 256, 257, 259], "excluded_lines": []}, "bug_report_health": {"executed_lines": [], "summary": {"covered_lines": 0, "num_statements": 3, "percent_covered": 0.0, "percent_covered_display": "0", "missing_lines": 3, "excluded_lines": 0}, "missing_lines": [271, 272, 274], "excluded_lines": []}, "": {"executed_lines": [], "summary": {"covered_lines": 0, "num_statements": 38, "percent_covered": 0.0, "percent_covered_display": "0", "missing_lines": 38, "excluded_lines": 0}, "missing_lines": [7, 8, 10, 11, 12, 14, 16, 18, 21, 22, 23, 24, 25, 26, 29, 30, 31, 32, 33, 34, 35, 36, 37, 40, 41, 42, 43, 44, 47, 48, 52, 112, 188, 191, 192, 236, 267, 268], "excluded_lines": []}}, "classes": {"BugContext": {"executed_lines": [], "summary": {"covered_lines": 0, "num_statements": 0, "percent_covered": 100.0, "percent_covered_display": "100", "missing_lines": 0, "excluded_lines": 0}, "missing_lines": [], "excluded_lines": []}, "BugReportRequest": {"executed_lines": [], "summary": {"covered_lines": 0, "num_statements": 0, "percent_covered": 100.0, "percent_covered_display": "100", "missing_lines": 0, "excluded_lines": 0}, "missing_lines": [], "excluded_lines": []}, "BugReportResponse": {"executed_lines": [], "summary": {"covered_lines": 0, "num_statements": 0, "percent_covered": 100.0, "percent_covered_display": "100", "missing_lines": 0, "excluded_lines": 0}, "missing_lines": [], "excluded_lines": []}, "GitHubService": {"executed_lines": [], "summary": {"covered_lines": 0, "num_statements": 28, "percent_covered": 0.0, "percent_covered_display": "0", "missing_lines": 28, "excluded_lines": 0}, "missing_lines": [49, 50, 55, 56, 61, 63, 74, 75, 76, 86, 87, 88, 93, 94, 95, 100, 101, 105, 106, 107, 108, 109, 110, 116, 119, 129, 130, 132], "excluded_lines": []}, "": {"executed_lines": [], "summary": {"covered_lines": 0, "num_statements": 63, "percent_covered": 0.0, "percent_covered_display": "0", "missing_lines": 63, "excluded_lines": 0}, "missing_lines": [7, 8, 10, 11, 12, 14, 16, 18, 21, 22, 23, 24, 25, 26, 29, 30, 31, 32, 33, 34, 35, 36, 37, 40, 41, 42, 43, 44, 47, 48, 52, 112, 188, 191, 192, 202, 207, 208, 209, 211, 215, 222, 224, 225, 226, 227, 228, 232, 233, 236, 240, 243, 245, 246, 253, 256, 257, 259, 267, 268, 271, 272, 274], "excluded_lines": []}}}, "src/server/api_routes/coverage_api.py": {"executed_lines": [], "summary": {"covered_lines": 0, "num_statements": 95, "percent_covered": 0.0, "percent_covered_display": "0", "missing_lines": 95, "excluded_lines": 0}, "missing_lines": [3, 4, 5, 6, 8, 9, 11, 14, 15, 17, 32, 34, 35, 38, 39, 42, 43, 46, 47, 49, 50, 51, 53, 54, 57, 58, 60, 61, 62, 65, 66, 67, 68, 69, 70, 71, 73, 76, 77, 79, 80, 81, 83, 84, 87, 88, 90, 91, 92, 94, 95, 98, 99, 101, 102, 103, 106, 107, 108, 109, 110, 111, 112, 114, 117, 118, 120, 133, 134, 135, 136, 137, 141, 142, 144, 151, 152, 153, 154, 155, 156, 157, 160, 162, 163, 164, 165, 167, 169, 170, 173, 174, 175, 178, 180], "excluded_lines": [], "functions": {"debug_paths": {"executed_lines": [], "summary": {"covered_lines": 0, "num_statements": 1, "percent_covered": 0.0, "percent_covered_display": "0", "missing_lines": 1, "excluded_lines": 0}, "missing_lines": [17], "excluded_lines": []}, "get_pytest_coverage_json": {"executed_lines": [], "summary": {"covered_lines": 0, "num_statements": 5, "percent_covered": 0.0, "percent_covered_display": "0", "missing_lines": 5, "excluded_lines": 0}, "missing_lines": [49, 50, 51, 53, 54], "excluded_lines": []}, "get_pytest_coverage_html": {"executed_lines": [], "summary": {"covered_lines": 0, "num_statements": 11, "percent_covered": 0.0, "percent_covered_display": "0", "missing_lines": 11, "excluded_lines": 0}, "missing_lines": [60, 61, 62, 65, 66, 67, 68, 69, 70, 71, 73], "excluded_lines": []}, "get_vitest_coverage_json": {"executed_lines": [], "summary": {"covered_lines": 0, "num_statements": 5, "percent_covered": 0.0, "percent_covered_display": "0", "missing_lines": 5, "excluded_lines": 0}, "missing_lines": [79, 80, 81, 83, 84], "excluded_lines": []}, "get_vitest_coverage_summary": {"executed_lines": [], "summary": {"covered_lines": 0, "num_statements": 5, "percent_covered": 0.0, "percent_covered_display": "0", "missing_lines": 5, "excluded_lines": 0}, "missing_lines": [90, 91, 92, 94, 95], "excluded_lines": []}, "get_vitest_coverage_html": {"executed_lines": [], "summary": {"covered_lines": 0, "num_statements": 11, "percent_covered": 0.0, "percent_covered_display": "0", "missing_lines": 11, "excluded_lines": 0}, "missing_lines": [101, 102, 103, 106, 107, 108, 109, 110, 111, 112, 114], "excluded_lines": []}, "get_combined_coverage_summary": {"executed_lines": [], "summary": {"covered_lines": 0, "num_statements": 29, "percent_covered": 0.0, "percent_covered_display": "0", "missing_lines": 29, "excluded_lines": 0}, "missing_lines": [120, 133, 134, 135, 136, 137, 141, 142, 144, 151, 152, 153, 154, 155, 156, 157, 160, 162, 163, 164, 165, 167, 169, 170, 173, 174, 175, 178, 180], "excluded_lines": []}, "": {"executed_lines": [], "summary": {"covered_lines": 0, "num_statements": 28, "percent_covered": 0.0, "percent_covered_display": "0", "missing_lines": 28, "excluded_lines": 0}, "missing_lines": [3, 4, 5, 6, 8, 9, 11, 14, 15, 32, 34, 35, 38, 39, 42, 43, 46, 47, 57, 58, 76, 77, 87, 88, 98, 99, 117, 118], "excluded_lines": []}}, "classes": {"": {"executed_lines": [], "summary": {"covered_lines": 0, "num_statements": 95, "percent_covered": 0.0, "percent_covered_display": "0", "missing_lines": 95, "excluded_lines": 0}, "missing_lines": [3, 4, 5, 6, 8, 9, 11, 14, 15, 17, 32, 34, 35, 38, 39, 42, 43, 46, 47, 49, 50, 51, 53, 54, 57, 58, 60, 61, 62, 65, 66, 67, 68, 69, 70, 71, 73, 76, 77, 79, 80, 81, 83, 84, 87, 88, 90, 91, 92, 94, 95, 98, 99, 101, 102, 103, 106, 107, 108, 109, 110, 111, 112, 114, 117, 118, 120, 133, 134, 135, 136, 137, 141, 142, 144, 151, 152, 153, 154, 155, 156, 157, 160, 162, 163, 164, 165, 167, 169, 170, 173, 174, 175, 178, 180], "excluded_lines": []}}}, "src/server/api_routes/internal_api.py": {"executed_lines": [], "summary": {"covered_lines": 0, "num_statements": 50, "percent_covered": 0.0, "percent_covered_display": "0", "missing_lines": 50, "excluded_lines": 0}, "missing_lines": [8, 9, 10, 12, 14, 16, 19, 22, 30, 32, 34, 35, 38, 39, 40, 41, 43, 44, 45, 48, 49, 51, 54, 55, 57, 60, 61, 69, 70, 71, 73, 75, 107, 109, 110, 112, 113, 114, 117, 118, 125, 126, 127, 129, 130, 135, 136, 138, 139, 140], "excluded_lines": [], "functions": {"is_internal_request": {"executed_lines": [], "summary": {"covered_lines": 0, "num_statements": 13, "percent_covered": 0.0, "percent_covered_display": "0", "missing_lines": 13, "excluded_lines": 0}, "missing_lines": [32, 34, 35, 38, 39, 40, 41, 43, 44, 45, 48, 49, 51], "excluded_lines": []}, "internal_health": {"executed_lines": [], "summary": {"covered_lines": 0, "num_statements": 1, "percent_covered": 0.0, "percent_covered_display": "0", "missing_lines": 1, "excluded_lines": 0}, "missing_lines": [57], "excluded_lines": []}, "get_agent_credentials": {"executed_lines": [], "summary": {"covered_lines": 0, "num_statements": 11, "percent_covered": 0.0, "percent_covered_display": "0", "missing_lines": 11, "excluded_lines": 0}, "missing_lines": [69, 70, 71, 73, 75, 107, 109, 110, 112, 113, 114], "excluded_lines": []}, "get_mcp_credentials": {"executed_lines": [], "summary": {"covered_lines": 0, "num_statements": 10, "percent_covered": 0.0, "percent_covered_display": "0", "missing_lines": 10, "excluded_lines": 0}, "missing_lines": [125, 126, 127, 129, 130, 135, 136, 138, 139, 140], "excluded_lines": []}, "": {"executed_lines": [], "summary": {"covered_lines": 0, "num_statements": 15, "percent_covered": 0.0, "percent_covered_display": "0", "missing_lines": 15, "excluded_lines": 0}, "missing_lines": [8, 9, 10, 12, 14, 16, 19, 22, 30, 54, 55, 60, 61, 117, 118], "excluded_lines": []}}, "classes": {"": {"executed_lines": [], "summary": {"covered_lines": 0, "num_statements": 50, "percent_covered": 0.0, "percent_covered_display": "0", "missing_lines": 50, "excluded_lines": 0}, "missing_lines": [8, 9, 10, 12, 14, 16, 19, 22, 30, 32, 34, 35, 38, 39, 40, 41, 43, 44, 45, 48, 49, 51, 54, 55, 57, 60, 61, 69, 70, 71, 73, 75, 107, 109, 110, 112, 113, 114, 117, 118, 125, 126, 127, 129, 130, 135, 136, 138, 139, 140], "excluded_lines": []}}}, "src/server/api_routes/knowledge_api.py": {"executed_lines": [], "summary": {"covered_lines": 0, "num_statements": 410, "percent_covered": 0.0, "percent_covered_display": "0", "missing_lines": 410, "excluded_lines": 0}, "missing_lines": [12, 13, 14, 15, 16, 18, 19, 21, 22, 23, 24, 25, 26, 29, 30, 31, 32, 33, 34, 37, 38, 39, 47, 50, 54, 55, 58, 62, 63, 64, 65, 66, 67, 68, 70, 71, 83, 84, 85, 86, 87, 88, 91, 92, 93, 94, 97, 98, 100, 102, 111, 113, 118, 119, 122, 123, 125, 128, 129, 130, 131, 134, 135, 139, 141, 142, 145, 147, 148, 151, 154, 155, 157, 159, 160, 162, 163, 165, 166, 168, 170, 171, 172, 173, 176, 179, 180, 182, 183, 184, 187, 188, 190, 191, 193, 194, 195, 198, 204, 205, 207, 209, 212, 216, 217, 218, 219, 221, 222, 225, 228, 229, 231, 232, 235, 236, 243, 245, 247, 254, 255, 258, 261, 262, 264, 265, 268, 269, 271, 272, 277, 281, 282, 283, 286, 287, 288, 291, 294, 309, 310, 311, 312, 313, 314, 315, 320, 323, 326, 336, 337, 340, 342, 343, 346, 349, 350, 351, 355, 357, 359, 361, 362, 363, 364, 367, 370, 371, 374, 375, 378, 379, 381, 382, 386, 388, 402, 404, 405, 408, 414, 415, 416, 417, 420, 424, 427, 428, 431, 432, 437, 438, 439, 440, 441, 442, 443, 444, 446, 447, 448, 451, 452, 453, 454, 459, 469, 473, 476, 477, 478, 482, 483, 484, 485, 488, 490, 492, 493, 494, 495, 496, 497, 498, 501, 502, 503, 508, 509, 515, 517, 521, 526, 529, 532, 533, 539, 553, 559, 560, 563, 570, 571, 574, 577, 587, 590, 592, 593, 594, 597, 598, 600, 601, 602, 605, 612, 613, 623, 624, 625, 628, 629, 630, 633, 636, 639, 644, 646, 652, 653, 655, 658, 668, 670, 671, 682, 692, 696, 697, 699, 700, 701, 704, 707, 708, 709, 712, 713, 716, 717, 719, 720, 723, 726, 727, 730, 731, 733, 734, 736, 738, 739, 743, 745, 746, 748, 751, 752, 753, 754, 757, 760, 761, 763, 765, 766, 772, 774, 781, 785, 786, 787, 788, 791, 796, 797, 800, 803, 804, 806, 808, 809, 812, 813, 815, 816, 817, 818, 821, 822, 824, 825, 828, 830, 832, 834, 835, 837, 843, 846, 849, 850, 851, 852, 853, 859, 860, 862, 864, 865, 866, 867, 868, 869, 872, 873, 876, 882, 885, 886, 888, 889, 891, 892, 894, 895, 897, 898, 899, 900, 901, 902, 905, 906, 908, 909, 912, 922, 925, 926, 927, 930, 931, 932, 933, 934, 935, 936, 937, 938, 941, 944, 955, 956, 962, 963, 964, 965, 968], "excluded_lines": [], "functions": {"test_socket_progress": {"executed_lines": [], "summary": {"covered_lines": 0, "num_statements": 6, "percent_covered": 0.0, "percent_covered_display": "0", "missing_lines": 6, "excluded_lines": 0}, "missing_lines": [100, 102, 111, 113, 118, 119], "excluded_lines": []}, "get_knowledge_sources": {"executed_lines": [], "summary": {"covered_lines": 0, "num_statements": 5, "percent_covered": 0.0, "percent_covered_display": "0", "missing_lines": 5, "excluded_lines": 0}, "missing_lines": [125, 128, 129, 130, 131], "excluded_lines": []}, "get_knowledge_items": {"executed_lines": [], "summary": {"covered_lines": 0, "num_statements": 7, "percent_covered": 0.0, "percent_covered_display": "0", "missing_lines": 7, "excluded_lines": 0}, "missing_lines": [139, 141, 142, 145, 147, 148, 151], "excluded_lines": []}, "update_knowledge_item": {"executed_lines": [], "summary": {"covered_lines": 0, "num_statements": 13, "percent_covered": 0.0, "percent_covered_display": "0", "missing_lines": 13, "excluded_lines": 0}, "missing_lines": [157, 159, 160, 162, 163, 165, 166, 168, 170, 171, 172, 173, 176], "excluded_lines": []}, "delete_knowledge_item": {"executed_lines": [], "summary": {"covered_lines": 0, "num_statements": 23, "percent_covered": 0.0, "percent_covered_display": "0", "missing_lines": 23, "excluded_lines": 0}, "missing_lines": [182, 183, 184, 187, 188, 190, 191, 193, 194, 195, 198, 204, 205, 207, 209, 212, 216, 217, 218, 219, 221, 222, 225], "excluded_lines": []}, "get_knowledge_item_code_examples": {"executed_lines": [], "summary": {"covered_lines": 0, "num_statements": 10, "percent_covered": 0.0, "percent_covered_display": "0", "missing_lines": 10, "excluded_lines": 0}, "missing_lines": [231, 232, 235, 236, 243, 245, 247, 254, 255, 258], "excluded_lines": []}, "refresh_knowledge_item": {"executed_lines": [], "summary": {"covered_lines": 0, "num_statements": 34, "percent_covered": 0.0, "percent_covered_display": "0", "missing_lines": 34, "excluded_lines": 0}, "missing_lines": [264, 265, 268, 269, 271, 272, 277, 281, 282, 283, 286, 287, 288, 291, 294, 309, 310, 311, 312, 313, 314, 315, 320, 323, 326, 336, 355, 357, 359, 361, 362, 363, 364, 367], "excluded_lines": []}, "refresh_knowledge_item._perform_refresh_with_semaphore": {"executed_lines": [], "summary": {"covered_lines": 0, "num_statements": 8, "percent_covered": 0.0, "percent_covered_display": "0", "missing_lines": 8, "excluded_lines": 0}, "missing_lines": [337, 340, 342, 343, 346, 349, 350, 351], "excluded_lines": []}, "crawl_knowledge_item": {"executed_lines": [], "summary": {"covered_lines": 0, "num_statements": 16, "percent_covered": 0.0, "percent_covered_display": "0", "missing_lines": 16, "excluded_lines": 0}, "missing_lines": [374, 375, 378, 379, 381, 382, 386, 388, 402, 404, 405, 408, 414, 415, 416, 417], "excluded_lines": []}, "_perform_crawl_with_progress": {"executed_lines": [], "summary": {"covered_lines": 0, "num_statements": 42, "percent_covered": 0.0, "percent_covered_display": "0", "missing_lines": 42, "excluded_lines": 0}, "missing_lines": [424, 427, 428, 431, 432, 437, 438, 439, 440, 441, 442, 443, 444, 446, 447, 448, 451, 452, 453, 454, 459, 469, 473, 476, 477, 478, 482, 483, 484, 485, 488, 490, 492, 493, 494, 495, 496, 497, 498, 501, 502, 503], "excluded_lines": []}, "upload_document": {"executed_lines": [], "summary": {"covered_lines": 0, "num_statements": 15, "percent_covered": 0.0, "percent_covered_display": "0", "missing_lines": 15, "excluded_lines": 0}, "missing_lines": [515, 517, 521, 526, 529, 532, 533, 539, 553, 559, 560, 563, 570, 571, 574], "excluded_lines": []}, "_perform_upload_with_progress": {"executed_lines": [], "summary": {"covered_lines": 0, "num_statements": 34, "percent_covered": 0.0, "percent_covered_display": "0", "missing_lines": 34, "excluded_lines": 0}, "missing_lines": [587, 590, 597, 598, 600, 601, 602, 605, 612, 613, 623, 624, 625, 628, 629, 630, 633, 636, 639, 658, 668, 670, 671, 682, 692, 696, 697, 699, 700, 701, 704, 707, 708, 709], "excluded_lines": []}, "_perform_upload_with_progress.check_upload_cancellation": {"executed_lines": [], "summary": {"covered_lines": 0, "num_statements": 3, "percent_covered": 0.0, "percent_covered_display": "0", "missing_lines": 3, "excluded_lines": 0}, "missing_lines": [592, 593, 594], "excluded_lines": []}, "_perform_upload_with_progress.document_progress_callback": {"executed_lines": [], "summary": {"covered_lines": 0, "num_statements": 5, "percent_covered": 0.0, "percent_covered_display": "0", "missing_lines": 5, "excluded_lines": 0}, "missing_lines": [644, 646, 652, 653, 655], "excluded_lines": []}, "search_knowledge_items": {"executed_lines": [], "summary": {"covered_lines": 0, "num_statements": 5, "percent_covered": 0.0, "percent_covered_display": "0", "missing_lines": 5, "excluded_lines": 0}, "missing_lines": [716, 717, 719, 720, 723], "excluded_lines": []}, "perform_rag_query": {"executed_lines": [], "summary": {"covered_lines": 0, "num_statements": 16, "percent_covered": 0.0, "percent_covered_display": "0", "missing_lines": 16, "excluded_lines": 0}, "missing_lines": [730, 731, 733, 734, 736, 738, 739, 743, 745, 746, 748, 751, 752, 753, 754, 757], "excluded_lines": []}, "search_code_examples": {"executed_lines": [], "summary": {"covered_lines": 0, "num_statements": 11, "percent_covered": 0.0, "percent_covered_display": "0", "missing_lines": 11, "excluded_lines": 0}, "missing_lines": [763, 765, 766, 772, 774, 781, 785, 786, 787, 788, 791], "excluded_lines": []}, "search_code_examples_simple": {"executed_lines": [], "summary": {"covered_lines": 0, "num_statements": 1, "percent_covered": 0.0, "percent_covered_display": "0", "missing_lines": 1, "excluded_lines": 0}, "missing_lines": [800], "excluded_lines": []}, "get_available_sources": {"executed_lines": [], "summary": {"covered_lines": 0, "num_statements": 9, "percent_covered": 0.0, "percent_covered_display": "0", "missing_lines": 9, "excluded_lines": 0}, "missing_lines": [806, 808, 809, 812, 813, 815, 816, 817, 818], "excluded_lines": []}, "delete_source": {"executed_lines": [], "summary": {"covered_lines": 0, "num_statements": 15, "percent_covered": 0.0, "percent_covered_display": "0", "missing_lines": 15, "excluded_lines": 0}, "missing_lines": [824, 825, 828, 830, 832, 834, 835, 837, 843, 846, 84
[...]
d_lines": []}, "PRPDataValidator.analyze_milkdown_compatibility": {"executed_lines": [], "summary": {"covered_lines": 0, "num_statements": 9, "percent_covered": 0.0, "percent_covered_display": "0", "missing_lines": 9, "excluded_lines": 0}, "missing_lines": [226, 227, 229, 234, 235, 238, 246, 247, 254], "excluded_lines": []}, "PRPDataValidator.run_validation": {"executed_lines": [], "summary": {"covered_lines": 0, "num_statements": 24, "percent_covered": 0.0, "percent_covered_display": "0", "missing_lines": 24, "excluded_lines": 0}, "missing_lines": [258, 261, 262, 263, 265, 266, 267, 269, 270, 273, 274, 277, 280, 282, 284, 293, 295, 296, 297, 299, 302, 305, 307, 308], "excluded_lines": []}, "PRPDataValidator.analyze_common_issues": {"executed_lines": [], "summary": {"covered_lines": 0, "num_statements": 8, "percent_covered": 0.0, "percent_covered_display": "0", "missing_lines": 8, "excluded_lines": 0}, "missing_lines": [314, 316, 317, 318, 319, 322, 323, 324], "excluded_lines": []}, "PRPDataValidator.save_results": {"executed_lines": [], "summary": {"covered_lines": 0, "num_statements": 31, "percent_covered": 0.0, "percent_covered_display": "0", "missing_lines": 31, "excluded_lines": 0}, "missing_lines": [328, 331, 332, 334, 335, 338, 339, 341, 342, 343, 344, 345, 346, 347, 351, 352, 353, 355, 356, 357, 358, 359, 360, 361, 362, 363, 364, 365, 367, 368, 369], "excluded_lines": []}, "main": {"executed_lines": [], "summary": {"covered_lines": 0, "num_statements": 6, "percent_covered": 0.0, "percent_covered_display": "0", "missing_lines": 6, "excluded_lines": 0}, "missing_lines": [374, 375, 376, 380, 383, 384], "excluded_lines": []}, "": {"executed_lines": [], "summary": {"covered_lines": 0, "num_statements": 22, "percent_covered": 0.0, "percent_covered_display": "0", "missing_lines": 22, "excluded_lines": 0}, "missing_lines": [13, 14, 15, 16, 17, 18, 20, 21, 24, 25, 27, 30, 33, 55, 102, 224, 256, 312, 326, 372, 387, 388], "excluded_lines": []}}, "classes": {"PRPDataValidator": {"executed_lines": [], "summary": {"covered_lines": 0, "num_statements": 138, "percent_covered": 0.0, "percent_covered_display": "0", "missing_lines": 138, "excluded_lines": 0}, "missing_lines": [34, 35, 36, 39, 40, 42, 43, 45, 48, 57, 59, 65, 66, 68, 71, 74, 75, 76, 86, 87, 96, 98, 99, 100, 104, 105, 108, 110, 118, 119, 121, 122, 130, 134, 135, 142, 143, 144, 146, 147, 148, 150, 151, 152, 153, 159, 160, 163, 164, 166, 167, 168, 175, 176, 177, 178, 181, 194, 195, 196, 204, 205, 207, 208, 215, 222, 226, 227, 229, 234, 235, 238, 246, 247, 254, 258, 261, 262, 263, 265, 266, 267, 269, 270, 273, 274, 277, 280, 282, 284, 293, 295, 296, 297, 299, 302, 305, 307, 308, 314, 316, 317, 318, 319, 322, 323, 324, 328, 331, 332, 334, 335, 338, 339, 341, 342, 343, 344, 345, 346, 347, 351, 352, 353, 355, 356, 357, 358, 359, 360, 361, 362, 363, 364, 365, 367, 368, 369], "excluded_lines": []}, "": {"executed_lines": [], "summary": {"covered_lines": 0, "num_statements": 28, "percent_covered": 0.0, "percent_covered_display": "0", "missing_lines": 28, "excluded_lines": 0}, "missing_lines": [13, 14, 15, 16, 17, 18, 20, 21, 24, 25, 27, 30, 33, 55, 102, 224, 256, 312, 326, 372, 374, 375, 376, 380, 383, 384, 387, 388], "excluded_lines": []}}}, "src/server/testing/prp_viewer_test.py": {"executed_lines": [], "summary": {"covered_lines": 0, "num_statements": 219, "percent_covered": 0.0, "percent_covered_display": "0", "missing_lines": 219, "excluded_lines": 0}, "missing_lines": [17, 18, 19, 20, 21, 22, 23, 25, 26, 27, 31, 32, 34, 37, 40, 41, 42, 43, 46, 47, 49, 50, 52, 54, 55, 56, 59, 60, 63, 70, 72, 74, 80, 81, 83, 86, 89, 90, 91, 100, 101, 109, 111, 112, 113, 115, 117, 119, 120, 122, 124, 125, 128, 155, 156, 158, 164, 166, 167, 170, 204, 205, 207, 213, 214, 215, 217, 221, 224, 225, 231, 233, 234, 237, 238, 241, 242, 244, 245, 252, 253, 261, 262, 263, 264, 272, 273, 274, 275, 284, 285, 287, 288, 289, 290, 297, 299, 301, 309, 311, 314, 315, 318, 319, 320, 321, 323, 326, 328, 329, 330, 331, 332, 335, 337, 340, 343, 344, 345, 347, 351, 353, 356, 357, 358, 359, 360, 361, 362, 363, 364, 365, 369, 370, 373, 376, 379, 380, 383, 398, 400, 401, 403, 405, 407, 410, 411, 412, 414, 415, 416, 418, 419, 422, 423, 425, 426, 428, 430, 431, 435, 436, 438, 439, 442, 445, 448, 451, 453, 454, 458, 460, 462, 463, 464, 465, 468, 469, 470, 472, 474, 475, 476, 478, 479, 482, 483, 484, 485, 486, 487, 488, 489, 493, 494, 495, 497, 498, 499, 500, 501, 502, 503, 506, 508, 509, 510, 514, 519, 520, 521, 523, 524, 527, 528, 531, 532, 535, 536], "excluded_lines": [], "functions": {"PRPViewerTester.__init__": {"executed_lines": [], "summary": {"covered_lines": 0, "num_statements": 14, "percent_covered": 0.0, "percent_covered_display": "0", "missing_lines": 14, "excluded_lines": 0}, "missing_lines": [41, 42, 43, 46, 47, 49, 50, 52, 54, 55, 56, 59, 60, 63], "excluded_lines": []}, "PRPViewerTester.fetch_project_data": {"executed_lines": [], "summary": {"covered_lines": 0, "num_statements": 15, "percent_covered": 0.0, "percent_covered_display": "0", "missing_lines": 15, "excluded_lines": 0}, "missing_lines": [72, 74, 80, 81, 83, 86, 89, 90, 91, 100, 101, 109, 111, 112, 113], "excluded_lines": []}, "PRPViewerTester.capture_view_content": {"executed_lines": [], "summary": {"covered_lines": 0, "num_statements": 20, "percent_covered": 0.0, "percent_covered_display": "0", "missing_lines": 20, "excluded_lines": 0}, "missing_lines": [117, 119, 120, 122, 124, 125, 128, 155, 156, 158, 164, 166, 167, 170, 204, 205, 207, 213, 214, 215], "excluded_lines": []}, "PRPViewerTester.compare_views": {"executed_lines": [], "summary": {"covered_lines": 0, "num_statements": 29, "percent_covered": 0.0, "percent_covered_display": "0", "missing_lines": 29, "excluded_lines": 0}, "missing_lines": [221, 224, 225, 231, 233, 234, 237, 238, 241, 242, 244, 245, 252, 253, 261, 262, 263, 264, 272, 273, 274, 275, 284, 285, 287, 288, 289, 290, 297], "excluded_lines": []}, "PRPViewerTester.test_document": {"executed_lines": [], "summary": {"covered_lines": 0, "num_statements": 46, "percent_covered": 0.0, "percent_covered_display": "0", "missing_lines": 46, "excluded_lines": 0}, "missing_lines": [301, 309, 311, 314, 315, 318, 319, 320, 321, 323, 326, 328, 329, 330, 331, 332, 335, 337, 340, 343, 344, 345, 347, 351, 353, 356, 357, 358, 359, 360, 361, 362, 363, 364, 365, 369, 370, 373, 376, 379, 380, 383, 398, 400, 401, 403], "excluded_lines": []}, "PRPViewerTester.run_tests": {"executed_lines": [], "summary": {"covered_lines": 0, "num_statements": 26, "percent_covered": 0.0, "percent_covered_display": "0", "missing_lines": 26, "excluded_lines": 0}, "missing_lines": [407, 410, 411, 412, 414, 415, 416, 418, 419, 422, 423, 425, 426, 428, 430, 431, 435, 436, 438, 439, 442, 445, 448, 451, 453, 454], "excluded_lines": []}, "PRPViewerTester.analyze_common_issues": {"executed_lines": [], "summary": {"covered_lines": 0, "num_statements": 8, "percent_covered": 0.0, "percent_covered_display": "0", "missing_lines": 8, "excluded_lines": 0}, "missing_lines": [460, 462, 463, 464, 465, 468, 469, 470], "excluded_lines": []}, "PRPViewerTester.save_results": {"executed_lines": [], "summary": {"covered_lines": 0, "num_statements": 23, "percent_covered": 0.0, "percent_covered_display": "0", "missing_lines": 23, "excluded_lines": 0}, "missing_lines": [474, 475, 476, 478, 479, 482, 483, 484, 485, 486, 487, 488, 489, 493, 494, 495, 497, 498, 499, 500, 501, 502, 503], "excluded_lines": []}, "main": {"executed_lines": [], "summary": {"covered_lines": 0, "num_statements": 13, "percent_covered": 0.0, "percent_covered_display": "0", "missing_lines": 13, "excluded_lines": 0}, "missing_lines": [508, 509, 510, 514, 519, 520, 521, 523, 524, 527, 528, 531, 532], "excluded_lines": []}, "": {"executed_lines": [], "summary": {"covered_lines": 0, "num_statements": 25, "percent_covered": 0.0, "percent_covered_display": "0", "missing_lines": 25, "excluded_lines": 0}, "missing_lines": [17, 18, 19, 20, 21, 22, 23, 25, 26, 27, 31, 32, 34, 37, 40, 70, 115, 217, 299, 405, 458, 472, 506, 535, 536], "excluded_lines": []}}, "classes": {"PRPViewerTester": {"executed_lines": [], "summary": {"covered_lines": 0, "num_statements": 181, "percent_covered": 0.0, "percent_covered_display": "0", "missing_lines": 181, "excluded_lines": 0}, "missing_lines": [41, 42, 43, 46, 47, 49, 50, 52, 54, 55, 56, 59, 60, 63, 72, 74, 80, 81, 83, 86, 89, 90, 91, 100, 101, 109, 111, 112, 113, 117, 119, 120, 122, 124, 125, 128, 155, 156, 158, 164, 166, 167, 170, 204, 205, 207, 213, 214, 215, 221, 224, 225, 231, 233, 234, 237, 238, 241, 242, 244, 245, 252, 253, 261, 262, 263, 264, 272, 273, 274, 275, 284, 285, 287, 288, 289, 290, 297, 301, 309, 311, 314, 315, 318, 319, 320, 321, 323, 326, 328, 329, 330, 331, 332, 335, 337, 340, 343, 344, 345, 347, 351, 353, 356, 357, 358, 359, 360, 361, 362, 363, 364, 365, 369, 370, 373, 376, 379, 380, 383, 398, 400, 401, 403, 407, 410, 411, 412, 414, 415, 416, 418, 419, 422, 423, 425, 426, 428, 430, 431, 435, 436, 438, 439, 442, 445, 448, 451, 453, 454, 460, 462, 463, 464, 465, 468, 469, 470, 474, 475, 476, 478, 479, 482, 483, 484, 485, 486, 487, 488, 489, 493, 494, 495, 497, 498, 499, 500, 501, 502, 503], "excluded_lines": []}, "": {"executed_lines": [], "summary": {"covered_lines": 0, "num_statements": 38, "percent_covered": 0.0, "percent_covered_display": "0", "missing_lines": 38, "excluded_lines": 0}, "missing_lines": [17, 18, 19, 20, 21, 22, 23, 25, 26, 27, 31, 32, 34, 37, 40, 70, 115, 217, 299, 405, 458, 472, 506, 508, 509, 510, 514, 519, 520, 521, 523, 524, 527, 528, 531, 532, 535, 536], "excluded_lines": []}}}, "src/server/utils/__init__.py": {"executed_lines": [1, 16, 19, 20, 22, 23, 36, 43, 51, 54, 68, 77], "summary": {"covered_lines": 11, "num_statements": 19, "percent_covered": 57.89473684210526, "percent_covered_display": "58", "missing_lines": 8, "excluded_lines": 0}, "missing_lines": [60, 61, 63, 64, 65, 71, 72, 73], "excluded_lines": [], "functions": {"initialize_threading_service": {"executed_lines": [], "summary": {"covered_lines": 0, "num_statements": 5, "percent_covered": 0.0, "percent_covered_display": "0", "missing_lines": 5, "excluded_lines": 0}, "missing_lines": [60, 61, 63, 64, 65], "excluded_lines": []}, "get_utils_threading_service": {"executed_lines": [], "summary": {"covered_lines": 0, "num_statements": 3, "percent_covered": 0.0, "percent_covered_display": "0", "missing_lines": 3, "excluded_lines": 0}, "missing_lines": [71, 72, 73], "excluded_lines": []}, "": {"executed_lines": [1, 16, 19, 20, 22, 23, 36, 43, 51, 54, 68, 77], "summary": {"covered_lines": 11, "num_statements": 11, "percent_covered": 100.0, "percent_covered_display": "100", "missing_lines": 0, "excluded_lines": 0}, "missing_lines": [], "excluded_lines": []}}, "classes": {"": {"executed_lines": [1, 16, 19, 20, 22, 23, 36, 43, 51, 54, 68, 77], "summary": {"covered_lines": 11, "num_statements": 19, "percent_covered": 57.89473684210526, "percent_covered_display": "58", "missing_lines": 8, "excluded_lines": 0}, "missing_lines": [60, 61, 63, 64, 65, 71, 72, 73], "excluded_lines": []}}}, "src/server/utils/document_processing.py": {"executed_lines": [], "summary": {"covered_lines": 0, "num_statements": 89, "percent_covered": 0.0, "percent_covered_display": "0", "missing_lines": 89, "excluded_lines": 0}, "missing_lines": [8, 13, 14, 16, 17, 18, 20, 21, 23, 24, 25, 27, 28, 30, 31, 32, 34, 36, 39, 55, 57, 58, 61, 65, 68, 74, 77, 79, 80, 86, 89, 99, 100, 104, 107, 108, 109, 110, 111, 112, 113, 114, 115, 116, 117, 120, 121, 123, 124, 127, 128, 129, 130, 132, 133, 134, 135, 136, 137, 138, 139, 141, 142, 144, 146, 147, 150, 153, 163, 164, 166, 167, 168, 170, 171, 172, 175, 176, 177, 178, 179, 180, 181, 182, 184, 185, 187, 189, 190], "excluded_lines": [], "functions": {"extract_text_from_document": {"executed_lines": [], "summary": {"covered_lines": 0, "num_statements": 11, "percent_covered": 0.0, "percent_covered_display": "0", "missing_lines": 11, "excluded_lines": 0}, "missing_lines": [55, 57, 58, 61, 65, 68, 74, 77, 79, 80, 86], "excluded_lines": []}, "extract_text_from_pdf": {"executed_lines": [], "summary": {"covered_lines": 0, "num_statements": 36, "percent_covered": 0.0, "percent_covered_display": "0", "missing_lines": 36, "excluded_lines": 0}, "missing_lines": [99, 100, 104, 107, 108, 109, 110, 111, 112, 113, 114, 115, 116, 117, 120, 121, 123, 124, 127, 128, 129, 130, 132, 133, 134, 135, 136, 137, 138, 139, 141, 142, 144, 146, 147, 150], "excluded_lines": []}, "extract_text_from_docx": {"executed_lines": [], "summary": {"covered_lines": 0, "num_statements": 21, "percent_covered": 0.0, "percent_covered_display": "0", "missing_lines": 21, "excluded_lines": 0}, "missing_lines": [163, 164, 166, 167, 168, 170, 171, 172, 175, 176, 177, 178, 179, 180, 181, 182, 184, 185, 187, 189, 190], "excluded_lines": []}, "": {"executed_lines": [], "summary": {"covered_lines": 0, "num_statements": 21, "percent_covered": 0.0, "percent_covered_display": "0", "missing_lines": 21, "excluded_lines": 0}, "missing_lines": [8, 13, 14, 16, 17, 18, 20, 21, 23, 24, 25, 27, 28, 30, 31, 32, 34, 36, 39, 89, 153], "excluded_lines": []}}, "classes": {"": {"executed_lines": [], "summary": {"covered_lines": 0, "num_statements": 89, "percent_covered": 0.0, "percent_covered_display": "0", "missing_lines": 89, "excluded_lines": 0}, "missing_lines": [8, 13, 14, 16, 17, 18, 20, 21, 23, 24, 25, 27, 28, 30, 31, 32, 34, 36, 39, 55, 57, 58, 61, 65, 68, 74, 77, 79, 80, 86, 89, 99, 100, 104, 107, 108, 109, 110, 111, 112, 113, 114, 115, 116, 117, 120, 121, 123, 124, 127, 128, 129, 130, 132, 133, 134, 135, 136, 137, 138, 139, 141, 142, 144, 146, 147, 150, 153, 163, 164, 166, 167, 168, 170, 171, 172, 175, 176, 177, 178, 179, 180, 181, 182, 184, 185, 187, 189, 190], "excluded_lines": []}}}, "src/server/utils/progress/__init__.py": {"executed_lines": [], "summary": {"covered_lines": 0, "num_statements": 2, "percent_covered": 0.0, "percent_covered_display": "0", "missing_lines": 2, "excluded_lines": 0}, "missing_lines": [6, 8], "excluded_lines": [], "functions": {"": {"executed_lines": [], "summary": {"covered_lines": 0, "num_statements": 2, "percent_covered": 0.0, "percent_covered_display": "0", "missing_lines": 2, "excluded_lines": 0}, "missing_lines": [6, 8], "excluded_lines": []}}, "classes": {"": {"executed_lines": [], "summary": {"covered_lines": 0, "num_statements": 2, "percent_covered": 0.0, "percent_covered_display": "0", "missing_lines": 2, "excluded_lines": 0}, "missing_lines": [6, 8], "excluded_lines": []}}}, "src/server/utils/progress/progress_tracker.py": {"executed_lines": [], "summary": {"covered_lines": 0, "num_statements": 77, "percent_covered": 0.0, "percent_covered_display": "0", "missing_lines": 77, "excluded_lines": 0}, "missing_lines": [7, 8, 10, 13, 19, 28, 29, 30, 31, 39, 46, 47, 49, 50, 52, 53, 57, 67, 75, 76, 77, 85, 86, 88, 90, 97, 98, 99, 101, 102, 105, 106, 107, 108, 109, 110, 112, 113, 117, 125, 131, 132, 134, 135, 139, 151, 152, 161, 172, 173, 174, 175, 177, 186, 197, 198, 206, 208, 211, 212, 217, 219, 221, 222, 223, 224, 225, 227, 228, 230, 232, 234, 236, 237, 239, 241, 242], "excluded_lines": [], "functions": {"ProgressTracker.__init__": {"executed_lines": [], "summary": {"covered_lines": 0, "num_statements": 4, "percent_covered": 0.0, "percent_covered_display": "0", "missing_lines": 4, "excluded_lines": 0}, "missing_lines": [28, 29, 30, 31], "excluded_lines": []}, "ProgressTracker.start": {"executed_lines": [], "summary": {"covered_lines": 0, "num_statements": 6, "percent_covered": 0.0, "percent_covered_display": "0", "missing_lines": 6, "excluded_lines": 0}, "missing_lines": [46, 47, 49, 50, 52, 53], "excluded_lines": []}, "ProgressTracker.update": {"executed_lines": [], "summary": {"covered_lines": 0, "num_statements": 7, "percent_covered": 0.0, "percent_covered_display": "0", "missing_lines": 7, "excluded_lines": 0}, "missing_lines": [67, 75, 76, 77, 85, 86, 88], "excluded_lines": []}, "ProgressTracker.complete": {"executed_lines": [], "summary": {"covered_lines": 0, "num_statements": 13, "percent_covered": 0.0, "percent_covered_display": "0", "missing_lines": 13, "excluded_lines": 0}, "missing_lines": [97, 98, 99, 101, 102, 105, 106, 107, 108, 109, 110, 112, 113], "excluded_lines": []}, "ProgressTracker.error": {"executed_lines": [], "summary": {"covered_lines": 0, "num_statements": 5, "percent_covered": 0.0, "percent_covered_display": "0", "missing_lines": 5, "excluded_lines": 0}, "missing_lines": [125, 131, 132, 134, 135], "excluded_lines": []}, "ProgressTracker.update_batch_progress": {"executed_lines": [], "summary": {"covered_lines": 0, "num_statements": 2, "percent_covered": 0.0, "percent_covered_display": "0", "missing_lines": 2, "excluded_lines": 0}, "missing_lines": [151, 152], "excluded_lines": []}, "ProgressTracker.update_crawl_stats": {"executed_lines": [], "summary": {"covered_lines": 0, "num_statements": 5, "percent_covered": 0.0, "percent_covered_display": "0", "missing_lines": 5, "excluded_lines": 0}, "missing_lines": [172, 173, 174, 175, 177], "excluded_lines": []}, "ProgressTracker.update_storage_progress": {"executed_lines": [], "summary": {"covered_lines": 0, "num_statements": 2, "percent_covered": 0.0, "percent_covered_display": "0", "missing_lines": 2, "excluded_lines": 0}, "missing_lines": [197, 198], "excluded_lines": []}, "ProgressTracker._emit_progress": {"executed_lines": [], "summary": {"covered_lines": 0, "num_statements": 4, "percent_covered": 0.0, "percent_covered_display": "0", "missing_lines": 4, "excluded_lines": 0}, "missing_lines": [208, 211, 212, 217], "excluded_lines": []}, "ProgressTracker._format_duration": {"executed_lines": [], "summary": {"covered_lines": 0, "num_statements": 7, "percent_covered": 0.0, "percent_covered_display": "0", "missing_lines": 7, "excluded_lines": 0}, "missing_lines": [221, 222, 223, 224, 225, 227, 228], "excluded_lines": []}, "ProgressTracker.get_state": {"executed_lines": [], "summary": {"covered_lines": 0, "num_statements": 1, "percent_covered": 0.0, "percent_covered_display": "0", "missing_lines": 1, "excluded_lines": 0}, "missing_lines": [232], "excluded_lines": []}, "ProgressTracker.join_room": {"executed_lines": [], "summary": {"covered_lines": 0, "num_statements": 2, "percent_covered": 0.0, "percent_covered_display": "0", "missing_lines": 2, "excluded_lines": 0}, "missing_lines": [236, 237], "excluded_lines": []}, "ProgressTracker.leave_room": {"executed_lines": [], "summary": {"covered_lines": 0, "num_statements": 2, "percent_covered": 0.0, "percent_covered_display": "0", "missing_lines": 2, "excluded_lines": 0}, "missing_lines": [241, 242], "excluded_lines": []}, "": {"executed_lines": [], "summary": {"covered_lines": 0, "num_statements": 17, "percent_covered": 0.0, "percent_covered_display": "0", "missing_lines": 17, "excluded_lines": 0}, "missing_lines": [7, 8, 10, 13, 19, 39, 57, 90, 117, 139, 161, 186, 206, 219, 230, 234, 239], "excluded_lines": []}}, "classes": {"ProgressTracker": {"executed_lines": [], "summary": {"covered_lines": 0, "num_statements": 60, "percent_covered": 0.0, "percent_covered_display": "0", "missing_lines": 60, "excluded_lines": 0}, "missing_lines": [28, 29, 30, 31, 46, 47, 49, 50, 52, 53, 67, 75, 76, 77, 85, 86, 88, 97, 98, 99, 101, 102, 105, 106, 107, 108, 109, 110, 112, 113, 125, 131, 132, 134, 135, 151, 152, 172, 173, 174, 175, 177, 197, 198, 208, 211, 212, 217, 221, 222, 223, 224, 225, 227, 228, 232, 236, 237, 241, 242], "excluded_lines": []}, "": {"executed_lines": [], "summary": {"covered_lines": 0, "num_statements": 17, "percent_covered": 0.0, "percent_covered_display": "0", "missing_lines": 17, "excluded_lines": 0}, "missing_lines": [7, 8, 10, 13, 19, 39, 57, 90, 117, 139, 161, 186, 206, 219, 230, 234, 239], "excluded_lines": []}}}}, "totals": {"covered_lines": 1670, "num_statements": 13552, "percent_covered": 12.322904368358914, "percent_covered_display": "12", "missing_lines": 11882, "excluded_lines": 60}}